mode: set
github.com/smallnest/langgraphgo/prebuilt/chat_agent.go:32.109,35.27 2 1
github.com/smallnest/langgraphgo/prebuilt/chat_agent.go:35.27,37.3 1 0
github.com/smallnest/langgraphgo/prebuilt/chat_agent.go:40.2,41.16 2 1
github.com/smallnest/langgraphgo/prebuilt/chat_agent.go:41.16,43.3 1 0
github.com/smallnest/langgraphgo/prebuilt/chat_agent.go:46.2,55.8 2 1
github.com/smallnest/langgraphgo/prebuilt/chat_agent.go:59.39,61.2 1 1
github.com/smallnest/langgraphgo/prebuilt/chat_agent.go:65.79,76.29 4 1
github.com/smallnest/langgraphgo/prebuilt/chat_agent.go:76.29,78.3 1 1
github.com/smallnest/langgraphgo/prebuilt/chat_agent.go:81.2,89.16 3 1
github.com/smallnest/langgraphgo/prebuilt/chat_agent.go:89.16,91.3 1 0
github.com/smallnest/langgraphgo/prebuilt/chat_agent.go:94.2,95.9 2 1
github.com/smallnest/langgraphgo/prebuilt/chat_agent.go:95.9,97.3 1 0
github.com/smallnest/langgraphgo/prebuilt/chat_agent.go:99.2,100.31 2 1
github.com/smallnest/langgraphgo/prebuilt/chat_agent.go:100.31,102.3 1 0
github.com/smallnest/langgraphgo/prebuilt/chat_agent.go:105.2,109.29 3 1
github.com/smallnest/langgraphgo/prebuilt/chat_agent.go:109.29,111.3 1 0
github.com/smallnest/langgraphgo/prebuilt/chat_agent.go:113.2,113.41 1 1
github.com/smallnest/langgraphgo/prebuilt/chat_agent.go:114.24,115.24 1 1
github.com/smallnest/langgraphgo/prebuilt/chat_agent.go:116.10,117.38 1 0
github.com/smallnest/langgraphgo/prebuilt/chat_agent.go:124.89,126.16 2 0
github.com/smallnest/langgraphgo/prebuilt/chat_agent.go:126.16,128.3 1 0
github.com/smallnest/langgraphgo/prebuilt/chat_agent.go:130.2,131.12 2 0
github.com/smallnest/langgraphgo/prebuilt/chat_agent.go:136.53,139.2 2 1
github.com/smallnest/langgraphgo/prebuilt/chat_agent.go:143.46,145.35 1 1
github.com/smallnest/langgraphgo/prebuilt/chat_agent.go:145.35,146.30 1 1
github.com/smallnest/langgraphgo/prebuilt/chat_agent.go:146.30,149.4 2 1
github.com/smallnest/langgraphgo/prebuilt/chat_agent.go:152.2,152.47 1 1
github.com/smallnest/langgraphgo/prebuilt/chat_agent.go:157.54,158.35 1 1
github.com/smallnest/langgraphgo/prebuilt/chat_agent.go:158.35,159.27 1 1
github.com/smallnest/langgraphgo/prebuilt/chat_agent.go:159.27,163.4 2 1
github.com/smallnest/langgraphgo/prebuilt/chat_agent.go:165.2,165.14 1 1
github.com/smallnest/langgraphgo/prebuilt/chat_agent.go:170.45,174.2 3 1
github.com/smallnest/langgraphgo/prebuilt/chat_agent.go:177.34,179.2 1 1
github.com/smallnest/langgraphgo/prebuilt/chat_agent.go:185.91,197.55 5 1
github.com/smallnest/langgraphgo/prebuilt/chat_agent.go:197.55,200.3 2 0
github.com/smallnest/langgraphgo/prebuilt/chat_agent.go:203.2,203.56 1 1
github.com/smallnest/langgraphgo/prebuilt/chat_agent.go:203.56,205.3 1 0
github.com/smallnest/langgraphgo/prebuilt/chat_agent.go:208.2,208.12 1 1
github.com/smallnest/langgraphgo/prebuilt/chat_agent.go:208.12,214.66 3 1
github.com/smallnest/langgraphgo/prebuilt/chat_agent.go:214.66,218.11 3 1
github.com/smallnest/langgraphgo/prebuilt/chat_agent.go:219.22,220.21 1 0
github.com/smallnest/langgraphgo/prebuilt/chat_agent.go:221.32,222.15 1 1
github.com/smallnest/langgraphgo/prebuilt/chat_agent.go:227.3,228.17 2 1
github.com/smallnest/langgraphgo/prebuilt/chat_agent.go:228.17,231.4 1 0
github.com/smallnest/langgraphgo/prebuilt/chat_agent.go:234.3,238.41 2 1
github.com/smallnest/langgraphgo/prebuilt/chat_agent.go:241.2,241.24 1 1
github.com/smallnest/langgraphgo/prebuilt/chat_agent.go:247.101,252.12 2 1
github.com/smallnest/langgraphgo/prebuilt/chat_agent.go:252.12,257.17 3 1
github.com/smallnest/langgraphgo/prebuilt/chat_agent.go:257.17,261.4 1 0
github.com/smallnest/langgraphgo/prebuilt/chat_agent.go:264.3,265.30 2 1
github.com/smallnest/langgraphgo/prebuilt/chat_agent.go:265.30,266.11 1 1
github.com/smallnest/langgraphgo/prebuilt/chat_agent.go:267.22,269.11 1 0
github.com/smallnest/langgraphgo/prebuilt/chat_agent.go:270.28,272.25 1 1
github.com/smallnest/langgraphgo/prebuilt/chat_agent.go:272.25,273.13 1 1
github.com/smallnest/langgraphgo/prebuilt/chat_agent.go:274.24,275.13 1 0
github.com/smallnest/langgraphgo/prebuilt/chat_agent.go:276.29,276.29 0 1
github.com/smallnest/langgraphgo/prebuilt/chat_agent.go:283.2,283.24 1 1
github.com/smallnest/langgraphgo/prebuilt/chat_agent.go:287.43,288.16 1 1
github.com/smallnest/langgraphgo/prebuilt/chat_agent.go:288.16,290.3 1 1
github.com/smallnest/langgraphgo/prebuilt/chat_agent.go:292.2,295.28 3 1
github.com/smallnest/langgraphgo/prebuilt/chat_agent.go:295.28,296.50 1 1
github.com/smallnest/langgraphgo/prebuilt/chat_agent.go:296.50,297.25 1 1
github.com/smallnest/langgraphgo/prebuilt/chat_agent.go:297.25,300.5 2 1
github.com/smallnest/langgraphgo/prebuilt/chat_agent.go:301.9,303.4 1 1
github.com/smallnest/langgraphgo/prebuilt/chat_agent.go:307.2,307.23 1 1
github.com/smallnest/langgraphgo/prebuilt/chat_agent.go:307.23,309.3 1 1
github.com/smallnest/langgraphgo/prebuilt/chat_agent.go:311.2,311.14 1 1
github.com/smallnest/langgraphgo/prebuilt/create_agent.go:31.58,32.37 1 1
github.com/smallnest/langgraphgo/prebuilt/create_agent.go:32.37,34.3 1 1
github.com/smallnest/langgraphgo/prebuilt/create_agent.go:38.111,39.37 1 1
github.com/smallnest/langgraphgo/prebuilt/create_agent.go:39.37,41.3 1 1
github.com/smallnest/langgraphgo/prebuilt/create_agent.go:46.77,47.37 1 0
github.com/smallnest/langgraphgo/prebuilt/create_agent.go:47.37,49.3 1 0
github.com/smallnest/langgraphgo/prebuilt/create_agent.go:53.54,54.37 1 0
github.com/smallnest/langgraphgo/prebuilt/create_agent.go:54.37,56.3 1 0
github.com/smallnest/langgraphgo/prebuilt/create_agent.go:60.50,61.37 1 1
github.com/smallnest/langgraphgo/prebuilt/create_agent.go:61.37,63.3 1 1
github.com/smallnest/langgraphgo/prebuilt/create_agent.go:67.118,69.27 2 1
github.com/smallnest/langgraphgo/prebuilt/create_agent.go:69.27,71.3 1 1
github.com/smallnest/langgraphgo/prebuilt/create_agent.go:74.2,84.28 6 1
github.com/smallnest/langgraphgo/prebuilt/create_agent.go:84.28,85.117 1 0
github.com/smallnest/langgraphgo/prebuilt/create_agent.go:85.117,87.11 2 0
github.com/smallnest/langgraphgo/prebuilt/create_agent.go:87.11,89.5 1 0
github.com/smallnest/langgraphgo/prebuilt/create_agent.go:91.4,92.33 2 0
github.com/smallnest/langgraphgo/prebuilt/create_agent.go:92.33,96.5 1 0
github.com/smallnest/langgraphgo/prebuilt/create_agent.go:98.4,100.49 3 0
github.com/smallnest/langgraphgo/prebuilt/create_agent.go:100.49,102.5 1 0
github.com/smallnest/langgraphgo/prebuilt/create_agent.go:102.10,104.45 1 0
github.com/smallnest/langgraphgo/prebuilt/create_agent.go:104.45,105.55 1 0
github.com/smallnest/langgraphgo/prebuilt/create_agent.go:105.55,107.12 2 0
github.com/smallnest/langgraphgo/prebuilt/create_agent.go:112.4,112.24 1 0
github.com/smallnest/langgraphgo/prebuilt/create_agent.go:112.24,114.5 1 0
github.com/smallnest/langgraphgo/prebuilt/create_agent.go:117.4,117.23 1 0
github.com/smallnest/langgraphgo/prebuilt/create_agent.go:117.23,119.5 1 0
github.com/smallnest/langgraphgo/prebuilt/create_agent.go:120.4,121.18 2 0
github.com/smallnest/langgraphgo/prebuilt/create_agent.go:121.18,123.5 1 0
github.com/smallnest/langgraphgo/prebuilt/create_agent.go:124.4,124.33 1 0
github.com/smallnest/langgraphgo/prebuilt/create_agent.go:124.33,125.24 1 0
github.com/smallnest/langgraphgo/prebuilt/create_agent.go:125.24,127.6 1 0
github.com/smallnest/langgraphgo/prebuilt/create_agent.go:128.5,128.20 1 0
github.com/smallnest/langgraphgo/prebuilt/create_agent.go:130.4,130.23 1 0
github.com/smallnest/langgraphgo/prebuilt/create_agent.go:130.23,132.5 1 0
github.com/smallnest/langgraphgo/prebuilt/create_agent.go:135.4,135.23 1 0
github.com/smallnest/langgraphgo/prebuilt/create_agent.go:135.23,137.5 1 0
github.com/smallnest/langgraphgo/prebuilt/create_agent.go:138.4,139.18 2 0
github.com/smallnest/langgraphgo/prebuilt/create_agent.go:139.18,141.5 1 0
github.com/smallnest/langgraphgo/prebuilt/create_agent.go:143.4,143.31 1 0
github.com/smallnest/langgraphgo/prebuilt/create_agent.go:143.31,144.24 1 0
github.com/smallnest/langgraphgo/prebuilt/create_agent.go:144.24,146.6 1 0
github.com/smallnest/langgraphgo/prebuilt/create_agent.go:147.5,147.20 1 0
github.com/smallnest/langgraphgo/prebuilt/create_agent.go:150.4,151.11 2 0
github.com/smallnest/langgraphgo/prebuilt/create_agent.go:151.11,153.24 1 0
github.com/smallnest/langgraphgo/prebuilt/create_agent.go:153.24,155.6 1 0
github.com/smallnest/langgraphgo/prebuilt/create_agent.go:156.5,156.20 1 0
github.com/smallnest/langgraphgo/prebuilt/create_agent.go:158.4,158.23 1 0
github.com/smallnest/langgraphgo/prebuilt/create_agent.go:158.23,160.5 1 0
github.com/smallnest/langgraphgo/prebuilt/create_agent.go:163.4,164.18 2 0
github.com/smallnest/langgraphgo/prebuilt/create_agent.go:164.18,166.5 1 0
github.com/smallnest/langgraphgo/prebuilt/create_agent.go:168.4,170.10 1 0
github.com/smallnest/langgraphgo/prebuilt/create_agent.go:175.2,175.110 1 1
github.com/smallnest/langgraphgo/prebuilt/create_agent.go:175.110,177.10 2 1
github.com/smallnest/langgraphgo/prebuilt/create_agent.go:177.10,179.4 1 0
github.com/smallnest/langgraphgo/prebuilt/create_agent.go:181.3,182.10 2 1
github.com/smallnest/langgraphgo/prebuilt/create_agent.go:182.10,184.4 1 0
github.com/smallnest/langgraphgo/prebuilt/create_agent.go:187.3,192.60 4 1
github.com/smallnest/langgraphgo/prebuilt/create_agent.go:192.60,194.4 1 1
github.com/smallnest/langgraphgo/prebuilt/create_agent.go:194.9,194.60 1 1
github.com/smallnest/langgraphgo/prebuilt/create_agent.go:194.60,201.28 1 0
github.com/smallnest/langgraphgo/prebuilt/create_agent.go:201.28,202.39 1 0
github.com/smallnest/langgraphgo/prebuilt/create_agent.go:202.39,204.6 1 0
github.com/smallnest/langgraphgo/prebuilt/create_agent.go:210.3,210.30 1 1
github.com/smallnest/langgraphgo/prebuilt/create_agent.go:210.30,229.4 1 1
github.com/smallnest/langgraphgo/prebuilt/create_agent.go:232.3,250.34 3 1
github.com/smallnest/langgraphgo/prebuilt/create_agent.go:250.34,255.4 2 1
github.com/smallnest/langgraphgo/prebuilt/create_agent.go:265.3,265.35 1 1
github.com/smallnest/langgraphgo/prebuilt/create_agent.go:265.35,267.4 1 1
github.com/smallnest/langgraphgo/prebuilt/create_agent.go:269.3,270.17 2 1
github.com/smallnest/langgraphgo/prebuilt/create_agent.go:270.17,272.4 1 0
github.com/smallnest/langgraphgo/prebuilt/create_agent.go:274.3,281.27 3 1
github.com/smallnest/langgraphgo/prebuilt/create_agent.go:281.27,283.4 1 1
github.com/smallnest/langgraphgo/prebuilt/create_agent.go:286.3,286.32 1 1
github.com/smallnest/langgraphgo/prebuilt/create_agent.go:286.32,287.40 1 1
github.com/smallnest/langgraphgo/prebuilt/create_agent.go:287.40,290.5 1 1
github.com/smallnest/langgraphgo/prebuilt/create_agent.go:293.3,295.9 1 1
github.com/smallnest/langgraphgo/prebuilt/create_agent.go:299.2,299.101 1 1
github.com/smallnest/langgraphgo/prebuilt/create_agent.go:299.101,301.10 2 1
github.com/smallnest/langgraphgo/prebuilt/create_agent.go:301.10,303.4 1 0
github.com/smallnest/langgraphgo/prebuilt/create_agent.go:305.3,308.45 3 1
github.com/smallnest/langgraphgo/prebuilt/create_agent.go:308.45,310.4 1 0
github.com/smallnest/langgraphgo/prebuilt/create_agent.go:312.3,314.38 2 1
github.com/smallnest/langgraphgo/prebuilt/create_agent.go:314.38,315.42 1 1
github.com/smallnest/langgraphgo/prebuilt/create_agent.go:315.42,318.84 2 1
github.com/smallnest/langgraphgo/prebuilt/create_agent.go:318.85,320.6 0 1
github.com/smallnest/langgraphgo/prebuilt/create_agent.go:322.5,323.46 2 1
github.com/smallnest/langgraphgo/prebuilt/create_agent.go:323.46,325.6 1 0
github.com/smallnest/langgraphgo/prebuilt/create_agent.go:325.11,327.6 1 1
github.com/smallnest/langgraphgo/prebuilt/create_agent.go:330.5,332.62 3 1
github.com/smallnest/langgraphgo/prebuilt/create_agent.go:332.62,334.6 1 0
github.com/smallnest/langgraphgo/prebuilt/create_agent.go:334.11,334.62 1 1
github.com/smallnest/langgraphgo/prebuilt/create_agent.go:334.62,335.30 1 0
github.com/smallnest/langgraphgo/prebuilt/create_agent.go:335.30,336.41 1 0
github.com/smallnest/langgraphgo/prebuilt/create_agent.go:336.41,338.8 1 0
github.com/smallnest/langgraphgo/prebuilt/create_agent.go:344.5,351.19 3 1
github.com/smallnest/langgraphgo/prebuilt/create_agent.go:351.19,353.6 1 0
github.com/smallnest/langgraphgo/prebuilt/create_agent.go:356.5,366.49 2 1
github.com/smallnest/langgraphgo/prebuilt/create_agent.go:370.3,372.9 1 1
github.com/smallnest/langgraphgo/prebuilt/create_agent.go:376.2,376.28 1 1
github.com/smallnest/langgraphgo/prebuilt/create_agent.go:376.28,379.3 2 0
github.com/smallnest/langgraphgo/prebuilt/create_agent.go:379.8,381.3 1 1
github.com/smallnest/langgraphgo/prebuilt/create_agent.go:383.2,383.83 1 1
github.com/smallnest/langgraphgo/prebuilt/create_agent.go:383.83,389.38 5 1
github.com/smallnest/langgraphgo/prebuilt/create_agent.go:389.38,390.41 1 1
github.com/smallnest/langgraphgo/prebuilt/create_agent.go:390.41,392.10 2 1
github.com/smallnest/langgraphgo/prebuilt/create_agent.go:396.3,396.19 1 1
github.com/smallnest/langgraphgo/prebuilt/create_agent.go:396.19,398.4 1 1
github.com/smallnest/langgraphgo/prebuilt/create_agent.go:399.3,399.19 1 1
github.com/smallnest/langgraphgo/prebuilt/create_agent.go:402.2,404.27 2 1
github.com/smallnest/langgraphgo/prebuilt/create_agent.go:407.81,409.16 2 0
github.com/smallnest/langgraphgo/prebuilt/create_agent.go:409.16,411.3 1 0
github.com/smallnest/langgraphgo/prebuilt/create_agent.go:413.2,414.31 2 0
github.com/smallnest/langgraphgo/prebuilt/create_agent.go:414.31,416.3 1 0
github.com/smallnest/langgraphgo/prebuilt/create_agent.go:417.2,417.20 1 0
github.com/smallnest/langgraphgo/prebuilt/create_agent.go:420.143,422.41 2 0
github.com/smallnest/langgraphgo/prebuilt/create_agent.go:422.41,424.3 1 0
github.com/smallnest/langgraphgo/prebuilt/create_agent.go:426.2,444.16 3 0
github.com/smallnest/langgraphgo/prebuilt/create_agent.go:444.16,446.3 1 0
github.com/smallnest/langgraphgo/prebuilt/create_agent.go:448.2,449.42 2 0
github.com/smallnest/langgraphgo/prebuilt/mock_errors.go:17.152,19.2 1 1
github.com/smallnest/langgraphgo/prebuilt/mock_errors.go:21.109,23.2 1 0
github.com/smallnest/langgraphgo/prebuilt/mock_errors.go:28.159,36.2 1 1
github.com/smallnest/langgraphgo/prebuilt/mock_errors.go:38.116,40.2 1 0
github.com/smallnest/langgraphgo/prebuilt/mock_errors.go:47.46,47.63 1 1
github.com/smallnest/langgraphgo/prebuilt/mock_errors.go:48.46,48.92 1 1
github.com/smallnest/langgraphgo/prebuilt/mock_errors.go:49.81,51.2 1 1
github.com/smallnest/langgraphgo/prebuilt/pev_agent.go:55.74,56.25 1 1
github.com/smallnest/langgraphgo/prebuilt/pev_agent.go:56.25,58.3 1 1
github.com/smallnest/langgraphgo/prebuilt/pev_agent.go:60.2,60.28 1 1
github.com/smallnest/langgraphgo/prebuilt/pev_agent.go:60.28,62.3 1 0
github.com/smallnest/langgraphgo/prebuilt/pev_agent.go:65.2,65.32 1 1
github.com/smallnest/langgraphgo/prebuilt/pev_agent.go:65.32,67.3 1 1
github.com/smallnest/langgraphgo/prebuilt/pev_agent.go:69.2,69.37 1 1
github.com/smallnest/langgraphgo/prebuilt/pev_agent.go:69.37,71.3 1 1
github.com/smallnest/langgraphgo/prebuilt/pev_agent.go:74.2,92.115 13 1
github.com/smallnest/langgraphgo/prebuilt/pev_agent.go:92.115,94.3 1 0
github.com/smallnest/langgraphgo/prebuilt/pev_agent.go:97.2,97.121 1 1
github.com/smallnest/langgraphgo/prebuilt/pev_agent.go:97.121,99.3 1 0
github.com/smallnest/langgraphgo/prebuilt/pev_agent.go:102.2,102.112 1 1
github.com/smallnest/langgraphgo/prebuilt/pev_agent.go:102.112,104.3 1 0
github.com/smallnest/langgraphgo/prebuilt/pev_agent.go:107.2,107.126 1 1
github.com/smallnest/langgraphgo/prebuilt/pev_agent.go:107.126,109.3 1 0
github.com/smallnest/langgraphgo/prebuilt/pev_agent.go:112.2,115.85 2 1
github.com/smallnest/langgraphgo/prebuilt/pev_agent.go:115.85,117.3 1 0
github.com/smallnest/langgraphgo/prebuilt/pev_agent.go:119.2,119.86 1 1
github.com/smallnest/langgraphgo/prebuilt/pev_agent.go:119.86,121.3 1 0
github.com/smallnest/langgraphgo/prebuilt/pev_agent.go:123.2,123.86 1 1
github.com/smallnest/langgraphgo/prebuilt/pev_agent.go:123.86,125.3 1 0
github.com/smallnest/langgraphgo/prebuilt/pev_agent.go:127.2,129.27 2 1
github.com/smallnest/langgraphgo/prebuilt/pev_agent.go:133.117,138.31 4 1
github.com/smallnest/langgraphgo/prebuilt/pev_agent.go:138.31,140.3 1 1
github.com/smallnest/langgraphgo/prebuilt/pev_agent.go:142.2,142.13 1 1
github.com/smallnest/langgraphgo/prebuilt/pev_agent.go:142.13,143.19 1 1
github.com/smallnest/langgraphgo/prebuilt/pev_agent.go:143.19,145.4 1 0
github.com/smallnest/langgraphgo/prebuilt/pev_agent.go:145.9,147.4 1 1
github.com/smallnest/langgraphgo/prebuilt/pev_agent.go:151.2,153.18 2 1
github.com/smallnest/langgraphgo/prebuilt/pev_agent.go:153.18,162.3 2 1
github.com/smallnest/langgraphgo/prebuilt/pev_agent.go:162.8,191.3 4 1
github.com/smallnest/langgraphgo/prebuilt/pev_agent.go:194.2,195.16 2 1
github.com/smallnest/langgraphgo/prebuilt/pev_agent.go:195.16,197.3 1 0
github.com/smallnest/langgraphgo/prebuilt/pev_agent.go:199.2,204.13 3 1
github.com/smallnest/langgraphgo/prebuilt/pev_agent.go:204.13,206.30 2 1
github.com/smallnest/langgraphgo/prebuilt/pev_agent.go:206.30,208.4 1 1
github.com/smallnest/langgraphgo/prebuilt/pev_agent.go:209.3,209.15 1 1
github.com/smallnest/langgraphgo/prebuilt/pev_agent.go:212.2,215.8 1 1
github.com/smallnest/langgraphgo/prebuilt/pev_agent.go:219.124,223.27 3 1
github.com/smallnest/langgraphgo/prebuilt/pev_agent.go:223.27,225.3 1 1
github.com/smallnest/langgraphgo/prebuilt/pev_agent.go:227.2,228.30 2 1
github.com/smallnest/langgraphgo/prebuilt/pev_agent.go:228.30,230.3 1 1
github.com/smallnest/langgraphgo/prebuilt/pev_agent.go:232.2,234.13 2 1
github.com/smallnest/langgraphgo/prebuilt/pev_agent.go:234.13,236.3 1 1
github.com/smallnest/langgraphgo/prebuilt/pev_agent.go:239.2,240.16 2 1
github.com/smallnest/langgraphgo/prebuilt/pev_agent.go:240.16,242.3 1 0
github.com/smallnest/langgraphgo/prebuilt/pev_agent.go:244.2,244.13 1 1
github.com/smallnest/langgraphgo/prebuilt/pev_agent.go:244.13,246.3 1 1
github.com/smallnest/langgraphgo/prebuilt/pev_agent.go:248.2,251.8 1 1
github.com/smallnest/langgraphgo/prebuilt/pev_agent.go:255.123,259.9 3 1
github.com/smallnest/langgraphgo/prebuilt/pev_agent.go:259.9,261.3 1 1
github.com/smallnest/langgraphgo/prebuilt/pev_agent.go:263.2,267.13 4 1
github.com/smallnest/langgraphgo/prebuilt/pev_agent.go:267.13,269.3 1 1
github.com/smallnest/langgraphgo/prebuilt/pev_agent.go:272.2,300.16 4 1
github.com/smallnest/langgraphgo/prebuilt/pev_agent.go:300.16,302.3 1 0
github.com/smallnest/langgraphgo/prebuilt/pev_agent.go:304.2,308.87 3 1
github.com/smallnest/langgraphgo/prebuilt/pev_agent.go:308.87,314.3 1 0
github.com/smallnest/langgraphgo/prebuilt/pev_agent.go:316.2,316.13 1 1
github.com/smallnest/langgraphgo/prebuilt/pev_agent.go:316.13,317.38 1 1
github.com/smallnest/langgraphgo/prebuilt/pev_agent.go:317.38,319.4 1 1
github.com/smallnest/langgraphgo/prebuilt/pev_agent.go:319.9,321.4 1 0
github.com/smallnest/langgraphgo/prebuilt/pev_agent.go:324.2,326.8 1 1
github.com/smallnest/langgraphgo/prebuilt/pev_agent.go:330.99,336.13 4 1
github.com/smallnest/langgraphgo/prebuilt/pev_agent.go:336.13,338.3 1 1
github.com/smallnest/langgraphgo/prebuilt/pev_agent.go:340.2,368.16 6 1
github.com/smallnest/langgraphgo/prebuilt/pev_agent.go:368.16,370.3 1 0
github.com/smallnest/langgraphgo/prebuilt/pev_agent.go:372.2,374.13 2 1
github.com/smallnest/langgraphgo/prebuilt/pev_agent.go:374.13,376.3 1 1
github.com/smallnest/langgraphgo/prebuilt/pev_agent.go:379.2,387.8 2 1
github.com/smallnest/langgraphgo/prebuilt/pev_agent.go:392.56,396.27 3 1
github.com/smallnest/langgraphgo/prebuilt/pev_agent.go:396.27,397.14 1 1
github.com/smallnest/langgraphgo/prebuilt/pev_agent.go:397.14,399.4 1 1
github.com/smallnest/langgraphgo/prebuilt/pev_agent.go:400.3,400.19 1 1
github.com/smallnest/langgraphgo/prebuilt/pev_agent.go:403.2,403.19 1 1
github.com/smallnest/langgraphgo/prebuilt/pev_agent.go:406.57,409.2 1 1
github.com/smallnest/langgraphgo/prebuilt/pev_agent.go:411.73,419.37 6 1
github.com/smallnest/langgraphgo/prebuilt/pev_agent.go:419.37,423.28 2 1
github.com/smallnest/langgraphgo/prebuilt/pev_agent.go:423.28,425.15 1 1
github.com/smallnest/langgraphgo/prebuilt/pev_agent.go:425.15,427.5 1 0
github.com/smallnest/langgraphgo/prebuilt/pev_agent.go:428.4,428.24 1 1
github.com/smallnest/langgraphgo/prebuilt/pev_agent.go:432.3,433.20 2 1
github.com/smallnest/langgraphgo/prebuilt/pev_agent.go:437.2,437.27 1 1
github.com/smallnest/langgraphgo/prebuilt/pev_agent.go:437.27,438.14 1 1
github.com/smallnest/langgraphgo/prebuilt/pev_agent.go:438.14,440.4 1 1
github.com/smallnest/langgraphgo/prebuilt/pev_agent.go:441.3,441.23 1 1
github.com/smallnest/langgraphgo/prebuilt/pev_agent.go:445.2,447.18 3 1
github.com/smallnest/langgraphgo/prebuilt/pev_agent.go:452.47,456.29 3 1
github.com/smallnest/langgraphgo/prebuilt/pev_agent.go:456.29,458.17 2 1
github.com/smallnest/langgraphgo/prebuilt/pev_agent.go:458.17,459.12 1 1
github.com/smallnest/langgraphgo/prebuilt/pev_agent.go:463.3,468.22 4 1
github.com/smallnest/langgraphgo/prebuilt/pev_agent.go:468.22,469.66 1 1
github.com/smallnest/langgraphgo/prebuilt/pev_agent.go:469.66,471.5 1 1
github.com/smallnest/langgraphgo/prebuilt/pev_agent.go:474.3,474.17 1 1
github.com/smallnest/langgraphgo/prebuilt/pev_agent.go:474.17,476.4 1 1
github.com/smallnest/langgraphgo/prebuilt/pev_agent.go:479.2,479.14 1 1
github.com/smallnest/langgraphgo/prebuilt/pev_agent.go:482.125,483.57 1 1
github.com/smallnest/langgraphgo/prebuilt/pev_agent.go:483.57,485.3 1 1
github.com/smallnest/langgraphgo/prebuilt/pev_agent.go:488.2,489.45 2 1
github.com/smallnest/langgraphgo/prebuilt/pev_agent.go:489.45,491.3 1 1
github.com/smallnest/langgraphgo/prebuilt/pev_agent.go:494.2,521.16 4 1
github.com/smallnest/langgraphgo/prebuilt/pev_agent.go:521.16,523.3 1 0
github.com/smallnest/langgraphgo/prebuilt/pev_agent.go:525.2,529.65 3 1
github.com/smallnest/langgraphgo/prebuilt/pev_agent.go:529.65,531.3 1 0
github.com/smallnest/langgraphgo/prebuilt/pev_agent.go:534.2,534.46 1 1
github.com/smallnest/langgraphgo/prebuilt/pev_agent.go:537.69,545.36 4 1
github.com/smallnest/langgraphgo/prebuilt/pev_agent.go:545.36,547.3 1 1
github.com/smallnest/langgraphgo/prebuilt/pev_agent.go:549.2,551.69 2 1
github.com/smallnest/langgraphgo/prebuilt/pev_agent.go:551.69,553.3 1 1
github.com/smallnest/langgraphgo/prebuilt/pev_agent.go:555.2,555.12 1 1
github.com/smallnest/langgraphgo/prebuilt/pev_agent.go:558.77,566.36 4 1
github.com/smallnest/langgraphgo/prebuilt/pev_agent.go:566.36,568.3 1 1
github.com/smallnest/langgraphgo/prebuilt/pev_agent.go:570.2,572.65 2 1
github.com/smallnest/langgraphgo/prebuilt/pev_agent.go:572.65,574.3 1 0
github.com/smallnest/langgraphgo/prebuilt/pev_agent.go:576.2,576.12 1 1
github.com/smallnest/langgraphgo/prebuilt/pev_agent.go:579.50,580.22 1 1
github.com/smallnest/langgraphgo/prebuilt/pev_agent.go:580.22,582.3 1 1
github.com/smallnest/langgraphgo/prebuilt/pev_agent.go:583.2,583.27 1 1
github.com/smallnest/langgraphgo/prebuilt/pev_agent.go:586.41,602.2 1 1
github.com/smallnest/langgraphgo/prebuilt/pev_agent.go:604.46,628.2 1 1
github.com/smallnest/langgraphgo/prebuilt/planning_agent.go:37.147,39.27 2 1
github.com/smallnest/langgraphgo/prebuilt/planning_agent.go:39.27,41.3 1 1
github.com/smallnest/langgraphgo/prebuilt/planning_agent.go:44.2,45.29 2 1
github.com/smallnest/langgraphgo/prebuilt/planning_agent.go:45.29,47.3 1 1
github.com/smallnest/langgraphgo/prebuilt/planning_agent.go:50.2,59.129 6 1
github.com/smallnest/langgraphgo/prebuilt/planning_agent.go:59.129,61.10 2 1
github.com/smallnest/langgraphgo/prebuilt/planning_agent.go:61.10,63.4 1 0
github.com/smallnest/langgraphgo/prebuilt/planning_agent.go:65.3,66.32 2 1
github.com/smallnest/langgraphgo/prebuilt/planning_agent.go:66.32,68.4 1 0
github.com/smallnest/langgraphgo/prebuilt/planning_agent.go:71.3,83.22 5 1
github.com/smallnest/langgraphgo/prebuilt/planning_agent.go:83.22,85.4 1 1
github.com/smallnest/langgraphgo/prebuilt/planning_agent.go:88.3,89.17 2 1
github.com/smallnest/langgraphgo/prebuilt/planning_agent.go:89.17,91.4 1 0
github.com/smallnest/langgraphgo/prebuilt/planning_agent.go:93.3,94.22 2 1
github.com/smallnest/langgraphgo/prebuilt/planning_agent.go:94.22,96.4 1 1
github.com/smallnest/langgraphgo/prebuilt/planning_agent.go:99.3,100.17 2 1
github.com/smallnest/langgraphgo/prebuilt/planning_agent.go:100.17,102.4 1 0
github.com/smallnest/langgraphgo/prebuilt/planning_agent.go:105.3,113.9 2 1
github.com/smallnest/langgraphgo/prebuilt/planning_agent.go:117.2,117.114 1 1
github.com/smallnest/langgraphgo/prebuilt/planning_agent.go:117.114,119.10 2 1
github.com/smallnest/langgraphgo/prebuilt/planning_agent.go:119.10,121.4 1 0
github.com/smallnest/langgraphgo/prebuilt/planning_agent.go:123.3,124.10 2 1
github.com/smallnest/langgraphgo/prebuilt/planning_agent.go:124.10,126.4 1 0
github.com/smallnest/langgraphgo/prebuilt/planning_agent.go:128.3,128.22 1 1
github.com/smallnest/langgraphgo/prebuilt/planning_agent.go:128.22,130.4 1 1
github.com/smallnest/langgraphgo/prebuilt/planning_agent.go:133.3,139.47 5 1
github.com/smallnest/langgraphgo/prebuilt/planning_agent.go:139.47,140.58 1 1
github.com/smallnest/langgraphgo/prebuilt/planning_agent.go:140.58,141.13 1 0
github.com/smallnest/langgraphgo/prebuilt/planning_agent.go:144.4,145.15 2 1
github.com/smallnest/langgraphgo/prebuilt/planning_agent.go:145.15,147.5 1 1
github.com/smallnest/langgraphgo/prebuilt/planning_agent.go:150.4,152.23 2 1
github.com/smallnest/langgraphgo/prebuilt/planning_agent.go:152.23,154.5 1 1
github.com/smallnest/langgraphgo/prebuilt/planning_agent.go:158.3,161.43 3 1
github.com/smallnest/langgraphgo/prebuilt/planning_agent.go:161.43,162.28 1 1
github.com/smallnest/langgraphgo/prebuilt/planning_agent.go:162.28,164.13 2 1
github.com/smallnest/langgraphgo/prebuilt/planning_agent.go:166.4,166.24 1 1
github.com/smallnest/langgraphgo/prebuilt/planning_agent.go:166.24,168.13 2 1
github.com/smallnest/langgraphgo/prebuilt/planning_agent.go:171.4,171.28 1 1
github.com/smallnest/langgraphgo/prebuilt/planning_agent.go:171.28,175.95 1 0
github.com/smallnest/langgraphgo/prebuilt/planning_agent.go:175.95,179.6 1 0
github.com/smallnest/langgraphgo/prebuilt/planning_agent.go:180.10,182.5 1 1
github.com/smallnest/langgraphgo/prebuilt/planning_agent.go:184.4,184.23 1 1
github.com/smallnest/langgraphgo/prebuilt/planning_agent.go:184.23,186.5 1 0
github.com/smallnest/langgraphgo/prebuilt/planning_agent.go:190.3,190.34 1 1
github.com/smallnest/langgraphgo/prebuilt/planning_agent.go:190.34,192.23 2 1
github.com/smallnest/langgraphgo/prebuilt/planning_agent.go:192.23,194.5 1 1
github.com/smallnest/langgraphgo/prebuilt/planning_agent.go:197.3,197.23 1 1
github.com/smallnest/langgraphgo/prebuilt/planning_agent.go:197.23,199.4 1 0
github.com/smallnest/langgraphgo/prebuilt/planning_agent.go:201.3,205.17 3 1
github.com/smallnest/langgraphgo/prebuilt/planning_agent.go:205.17,207.4 1 0
github.com/smallnest/langgraphgo/prebuilt/planning_agent.go:210.3,211.17 2 1
github.com/smallnest/langgraphgo/prebuilt/planning_agent.go:211.17,213.4 1 0
github.com/smallnest/langgraphgo/prebuilt/planning_agent.go:215.3,215.22 1 1
github.com/smallnest/langgraphgo/prebuilt/planning_agent.go:215.22,217.4 1 1
github.com/smallnest/langgraphgo/prebuilt/planning_agent.go:219.3,219.21 1 1
github.com/smallnest/langgraphgo/prebuilt/planning_agent.go:223.2,227.27 4 1
github.com/smallnest/langgraphgo/prebuilt/planning_agent.go:231.56,234.29 3 1
github.com/smallnest/langgraphgo/prebuilt/planning_agent.go:234.29,236.3 1 1
github.com/smallnest/langgraphgo/prebuilt/planning_agent.go:237.2,237.20 1 1
github.com/smallnest/langgraphgo/prebuilt/planning_agent.go:241.58,278.2 1 1
github.com/smallnest/langgraphgo/prebuilt/planning_agent.go:281.64,286.64 3 1
github.com/smallnest/langgraphgo/prebuilt/planning_agent.go:286.64,288.3 1 1
github.com/smallnest/langgraphgo/prebuilt/planning_agent.go:291.2,291.26 1 1
github.com/smallnest/langgraphgo/prebuilt/planning_agent.go:291.26,293.3 1 1
github.com/smallnest/langgraphgo/prebuilt/planning_agent.go:294.2,294.26 1 1
github.com/smallnest/langgraphgo/prebuilt/planning_agent.go:294.26,296.3 1 0
github.com/smallnest/langgraphgo/prebuilt/planning_agent.go:298.2,298.19 1 1
github.com/smallnest/langgraphgo/prebuilt/planning_agent.go:302.38,306.22 3 1
github.com/smallnest/langgraphgo/prebuilt/planning_agent.go:306.22,308.3 1 1
github.com/smallnest/langgraphgo/prebuilt/planning_agent.go:311.2,313.22 3 1
github.com/smallnest/langgraphgo/prebuilt/planning_agent.go:313.22,315.3 1 1
github.com/smallnest/langgraphgo/prebuilt/planning_agent.go:317.2,317.13 1 1
github.com/smallnest/langgraphgo/prebuilt/rag.go:94.36,105.2 1 1
github.com/smallnest/langgraphgo/prebuilt/rag.go:114.53,115.19 1 1
github.com/smallnest/langgraphgo/prebuilt/rag.go:115.19,117.3 1 0
github.com/smallnest/langgraphgo/prebuilt/rag.go:119.2,122.3 1 1
github.com/smallnest/langgraphgo/prebuilt/rag.go:126.45,127.31 1 1
github.com/smallnest/langgraphgo/prebuilt/rag.go:127.31,129.3 1 0
github.com/smallnest/langgraphgo/prebuilt/rag.go:130.2,130.25 1 1
github.com/smallnest/langgraphgo/prebuilt/rag.go:130.25,132.3 1 0
github.com/smallnest/langgraphgo/prebuilt/rag.go:135.2,145.12 6 1
github.com/smallnest/langgraphgo/prebuilt/rag.go:149.48,150.31 1 1
github.com/smallnest/langgraphgo/prebuilt/rag.go:150.31,152.3 1 0
github.com/smallnest/langgraphgo/prebuilt/rag.go:153.2,153.25 1 1
github.com/smallnest/langgraphgo/prebuilt/rag.go:153.25,155.3 1 0
github.com/smallnest/langgraphgo/prebuilt/rag.go:158.2,161.55 2 1
github.com/smallnest/langgraphgo/prebuilt/rag.go:161.55,163.3 1 1
github.com/smallnest/langgraphgo/prebuilt/rag.go:166.2,169.31 2 1
github.com/smallnest/langgraphgo/prebuilt/rag.go:169.31,171.3 1 1
github.com/smallnest/langgraphgo/prebuilt/rag.go:174.2,176.55 2 1
github.com/smallnest/langgraphgo/prebuilt/rag.go:176.55,179.3 2 1
github.com/smallnest/langgraphgo/prebuilt/rag.go:179.8,181.3 1 0
github.com/smallnest/langgraphgo/prebuilt/rag.go:183.2,183.31 1 1
github.com/smallnest/langgraphgo/prebuilt/rag.go:183.31,186.3 2 1
github.com/smallnest/langgraphgo/prebuilt/rag.go:186.8,188.3 1 0
github.com/smallnest/langgraphgo/prebuilt/rag.go:190.2,190.12 1 1
github.com/smallnest/langgraphgo/prebuilt/rag.go:194.51,195.31 1 0
github.com/smallnest/langgraphgo/prebuilt/rag.go:195.31,197.3 1 0
github.com/smallnest/langgraphgo/prebuilt/rag.go:198.2,198.25 1 0
github.com/smallnest/langgraphgo/prebuilt/rag.go:198.25,200.3 1 0
github.com/smallnest/langgraphgo/prebuilt/rag.go:203.2,209.26 3 0
github.com/smallnest/langgraphgo/prebuilt/rag.go:209.26,211.3 1 0
github.com/smallnest/langgraphgo/prebuilt/rag.go:214.2,217.31 2 0
github.com/smallnest/langgraphgo/prebuilt/rag.go:217.31,219.3 1 0
github.com/smallnest/langgraphgo/prebuilt/rag.go:222.2,226.83 3 0
github.com/smallnest/langgraphgo/prebuilt/rag.go:226.83,228.104 2 0
github.com/smallnest/langgraphgo/prebuilt/rag.go:228.104,230.4 1 0
github.com/smallnest/langgraphgo/prebuilt/rag.go:231.3,231.27 1 0
github.com/smallnest/langgraphgo/prebuilt/rag.go:231.27,233.4 1 0
github.com/smallnest/langgraphgo/prebuilt/rag.go:234.3,234.20 1 0
github.com/smallnest/langgraphgo/prebuilt/rag.go:237.2,237.26 1 0
github.com/smallnest/langgraphgo/prebuilt/rag.go:237.26,239.3 1 0
github.com/smallnest/langgraphgo/prebuilt/rag.go:241.2,241.31 1 0
github.com/smallnest/langgraphgo/prebuilt/rag.go:241.31,244.3 2 0
github.com/smallnest/langgraphgo/prebuilt/rag.go:244.8,246.3 1 0
github.com/smallnest/langgraphgo/prebuilt/rag.go:248.2,248.12 1 0
github.com/smallnest/langgraphgo/prebuilt/rag.go:252.58,254.2 1 1
github.com/smallnest/langgraphgo/prebuilt/rag.go:257.52,259.2 1 0
github.com/smallnest/langgraphgo/prebuilt/rag.go:263.81,267.16 3 1
github.com/smallnest/langgraphgo/prebuilt/rag.go:267.16,269.3 1 0
github.com/smallnest/langgraphgo/prebuilt/rag.go:271.2,274.22 3 1
github.com/smallnest/langgraphgo/prebuilt/rag.go:277.79,280.30 2 1
github.com/smallnest/langgraphgo/prebuilt/rag.go:280.30,283.51 2 0
github.com/smallnest/langgraphgo/prebuilt/rag.go:283.51,288.4 1 0
github.com/smallnest/langgraphgo/prebuilt/rag.go:289.3,290.23 2 0
github.com/smallnest/langgraphgo/prebuilt/rag.go:293.2,294.16 2 1
github.com/smallnest/langgraphgo/prebuilt/rag.go:294.16,296.3 1 0
github.com/smallnest/langgraphgo/prebuilt/rag.go:298.2,302.32 3 1
github.com/smallnest/langgraphgo/prebuilt/rag.go:302.32,304.3 1 1
github.com/smallnest/langgraphgo/prebuilt/rag.go:305.2,307.22 2 1
github.com/smallnest/langgraphgo/prebuilt/rag.go:310.87,320.2 3 0
github.com/smallnest/langgraphgo/prebuilt/rag.go:322.81,327.41 3 1
github.com/smallnest/langgraphgo/prebuilt/rag.go:327.41,329.42 2 1
github.com/smallnest/langgraphgo/prebuilt/rag.go:329.42,331.4 1 1
github.com/smallnest/langgraphgo/prebuilt/rag.go:332.3,332.113 1 1
github.com/smallnest/langgraphgo/prebuilt/rag.go:334.2,346.16 5 1
github.com/smallnest/langgraphgo/prebuilt/rag.go:346.16,348.3 1 0
github.com/smallnest/langgraphgo/prebuilt/rag.go:350.2,350.31 1 1
github.com/smallnest/langgraphgo/prebuilt/rag.go:350.31,352.3 1 1
github.com/smallnest/langgraphgo/prebuilt/rag.go:354.2,354.22 1 1
github.com/smallnest/langgraphgo/prebuilt/rag.go:357.88,362.41 3 1
github.com/smallnest/langgraphgo/prebuilt/rag.go:362.41,364.42 2 1
github.com/smallnest/langgraphgo/prebuilt/rag.go:364.42,366.4 1 1
github.com/smallnest/langgraphgo/prebuilt/rag.go:367.3,367.53 1 1
github.com/smallnest/langgraphgo/prebuilt/rag.go:369.2,371.22 2 1
github.com/smallnest/langgraphgo/prebuilt/rag.go:381.87,386.2 1 1
github.com/smallnest/langgraphgo/prebuilt/rag.go:389.108,391.2 1 1
github.com/smallnest/langgraphgo/prebuilt/rag_components.go:18.77,24.2 1 1
github.com/smallnest/langgraphgo/prebuilt/rag_components.go:27.87,30.32 2 1
github.com/smallnest/langgraphgo/prebuilt/rag_components.go:30.32,32.32 2 1
github.com/smallnest/langgraphgo/prebuilt/rag_components.go:32.32,39.35 2 1
github.com/smallnest/langgraphgo/prebuilt/rag_components.go:39.35,41.5 1 1
github.com/smallnest/langgraphgo/prebuilt/rag_components.go:44.4,47.35 3 1
github.com/smallnest/langgraphgo/prebuilt/rag_components.go:51.2,51.20 1 1
github.com/smallnest/langgraphgo/prebuilt/rag_components.go:54.62,55.30 1 1
github.com/smallnest/langgraphgo/prebuilt/rag_components.go:55.30,57.3 1 0
github.com/smallnest/langgraphgo/prebuilt/rag_components.go:59.2,62.24 3 1
github.com/smallnest/langgraphgo/prebuilt/rag_components.go:62.24,64.22 2 1
github.com/smallnest/langgraphgo/prebuilt/rag_components.go:64.22,66.4 1 1
github.com/smallnest/langgraphgo/prebuilt/rag_components.go:69.3,69.22 1 1
github.com/smallnest/langgraphgo/prebuilt/rag_components.go:69.22,71.19 2 1
github.com/smallnest/langgraphgo/prebuilt/rag_components.go:71.19,73.5 1 0
github.com/smallnest/langgraphgo/prebuilt/rag_components.go:76.3,79.25 3 1
github.com/smallnest/langgraphgo/prebuilt/rag_components.go:79.25,83.4 1 1
github.com/smallnest/langgraphgo/prebuilt/rag_components.go:85.3,86.16 2 1
github.com/smallnest/langgraphgo/prebuilt/rag_components.go:86.16,88.4 1 0
github.com/smallnest/langgraphgo/prebuilt/rag_components.go:91.2,91.15 1 1
github.com/smallnest/langgraphgo/prebuilt/rag_components.go:102.69,108.2 1 1
github.com/smallnest/langgraphgo/prebuilt/rag_components.go:111.117,112.39 1 1
github.com/smallnest/langgraphgo/prebuilt/rag_components.go:112.39,114.3 1 0
github.com/smallnest/langgraphgo/prebuilt/rag_components.go:116.2,119.12 3 1
github.com/smallnest/langgraphgo/prebuilt/rag_components.go:123.110,125.16 2 1
github.com/smallnest/langgraphgo/prebuilt/rag_components.go:125.16,127.3 1 0
github.com/smallnest/langgraphgo/prebuilt/rag_components.go:129.2,130.28 2 1
github.com/smallnest/langgraphgo/prebuilt/rag_components.go:130.28,132.3 1 1
github.com/smallnest/langgraphgo/prebuilt/rag_components.go:134.2,134.18 1 1
github.com/smallnest/langgraphgo/prebuilt/rag_components.go:138.128,139.27 1 1
github.com/smallnest/langgraphgo/prebuilt/rag_components.go:139.27,141.3 1 0
github.com/smallnest/langgraphgo/prebuilt/rag_components.go:144.2,145.16 2 1
github.com/smallnest/langgraphgo/prebuilt/rag_components.go:145.16,147.3 1 0
github.com/smallnest/langgraphgo/prebuilt/rag_components.go:150.2,156.38 3 1
github.com/smallnest/langgraphgo/prebuilt/rag_components.go:156.38,159.3 2 1
github.com/smallnest/langgraphgo/prebuilt/rag_components.go:162.2,162.35 1 1
github.com/smallnest/langgraphgo/prebuilt/rag_components.go:162.35,163.40 1 1
github.com/smallnest/langgraphgo/prebuilt/rag_components.go:163.40,164.41 1 1
github.com/smallnest/langgraphgo/prebuilt/rag_components.go:164.41,166.5 1 1
github.com/smallnest/langgraphgo/prebuilt/rag_components.go:171.2,171.21 1 1
github.com/smallnest/langgraphgo/prebuilt/rag_components.go:171.21,173.3 1 0
github.com/smallnest/langgraphgo/prebuilt/rag_components.go:175.2,176.25 2 1
github.com/smallnest/langgraphgo/prebuilt/rag_components.go:176.25,181.3 1 1
github.com/smallnest/langgraphgo/prebuilt/rag_components.go:183.2,183.21 1 1
github.com/smallnest/langgraphgo/prebuilt/rag_components.go:187.47,188.22 1 1
github.com/smallnest/langgraphgo/prebuilt/rag_components.go:188.22,190.3 1 0
github.com/smallnest/langgraphgo/prebuilt/rag_components.go:192.2,193.19 2 1
github.com/smallnest/langgraphgo/prebuilt/rag_components.go:193.19,197.3 3 1
github.com/smallnest/langgraphgo/prebuilt/rag_components.go:199.2,199.30 1 1
github.com/smallnest/langgraphgo/prebuilt/rag_components.go:199.30,201.3 1 0
github.com/smallnest/langgraphgo/prebuilt/rag_components.go:203.2,203.59 1 1
github.com/smallnest/langgraphgo/prebuilt/rag_components.go:212.42,214.2 1 1
github.com/smallnest/langgraphgo/prebuilt/rag_components.go:217.119,226.32 4 1
github.com/smallnest/langgraphgo/prebuilt/rag_components.go:226.32,231.35 3 1
github.com/smallnest/langgraphgo/prebuilt/rag_components.go:231.35,233.4 1 1
github.com/smallnest/langgraphgo/prebuilt/rag_components.go:236.3,236.23 1 1
github.com/smallnest/langgraphgo/prebuilt/rag_components.go:236.23,238.4 1 1
github.com/smallnest/langgraphgo/prebuilt/rag_components.go:240.3,240.47 1 1
github.com/smallnest/langgraphgo/prebuilt/rag_components.go:244.2,244.35 1 1
github.com/smallnest/langgraphgo/prebuilt/rag_components.go:244.35,245.40 1 1
github.com/smallnest/langgraphgo/prebuilt/rag_components.go:245.40,246.41 1 1
github.com/smallnest/langgraphgo/prebuilt/rag_components.go:246.41,248.5 1 1
github.com/smallnest/langgraphgo/prebuilt/rag_components.go:252.2,253.27 2 1
github.com/smallnest/langgraphgo/prebuilt/rag_components.go:253.27,258.3 1 1
github.com/smallnest/langgraphgo/prebuilt/rag_components.go:260.2,260.21 1 1
github.com/smallnest/langgraphgo/prebuilt/rag_components.go:269.74,273.2 1 0
github.com/smallnest/langgraphgo/prebuilt/rag_components.go:276.78,278.2 1 0
github.com/smallnest/langgraphgo/prebuilt/rag_components.go:286.51,290.2 1 1
github.com/smallnest/langgraphgo/prebuilt/rag_components.go:293.97,295.29 2 1
github.com/smallnest/langgraphgo/prebuilt/rag_components.go:295.29,297.3 1 1
github.com/smallnest/langgraphgo/prebuilt/rag_components.go:298.2,298.24 1 1
github.com/smallnest/langgraphgo/prebuilt/rag_components.go:302.88,304.2 1 1
github.com/smallnest/langgraphgo/prebuilt/rag_components.go:306.65,310.35 2 1
github.com/smallnest/langgraphgo/prebuilt/rag_components.go:310.35,312.29 2 1
github.com/smallnest/langgraphgo/prebuilt/rag_components.go:312.29,314.4 1 1
github.com/smallnest/langgraphgo/prebuilt/rag_components.go:315.3,315.40 1 1
github.com/smallnest/langgraphgo/prebuilt/rag_components.go:319.2,320.30 2 1
github.com/smallnest/langgraphgo/prebuilt/rag_components.go:320.30,322.3 1 1
github.com/smallnest/langgraphgo/prebuilt/rag_components.go:323.2,325.14 2 1
github.com/smallnest/langgraphgo/prebuilt/rag_components.go:325.14,326.28 1 1
github.com/smallnest/langgraphgo/prebuilt/rag_components.go:326.28,328.4 1 1
github.com/smallnest/langgraphgo/prebuilt/rag_components.go:331.2,331.18 1 1
github.com/smallnest/langgraphgo/prebuilt/rag_langchain_adapter.go:19.89,23.2 1 0
github.com/smallnest/langgraphgo/prebuilt/rag_langchain_adapter.go:26.81,28.16 2 0
github.com/smallnest/langgraphgo/prebuilt/rag_langchain_adapter.go:28.16,30.3 1 0
github.com/smallnest/langgraphgo/prebuilt/rag_langchain_adapter.go:32.2,32.48 1 0
github.com/smallnest/langgraphgo/prebuilt/rag_langchain_adapter.go:36.125,38.16 2 0
github.com/smallnest/langgraphgo/prebuilt/rag_langchain_adapter.go:38.16,40.3 1 0
github.com/smallnest/langgraphgo/prebuilt/rag_langchain_adapter.go:42.2,42.48 1 0
github.com/smallnest/langgraphgo/prebuilt/rag_langchain_adapter.go:46.70,48.39 2 1
github.com/smallnest/langgraphgo/prebuilt/rag_langchain_adapter.go:48.39,54.26 2 1
github.com/smallnest/langgraphgo/prebuilt/rag_langchain_adapter.go:54.26,56.4 1 1
github.com/smallnest/langgraphgo/prebuilt/rag_langchain_adapter.go:58.2,58.13 1 1
github.com/smallnest/langgraphgo/prebuilt/rag_langchain_adapter.go:62.66,64.27 2 1
github.com/smallnest/langgraphgo/prebuilt/rag_langchain_adapter.go:64.27,70.55 2 1
github.com/smallnest/langgraphgo/prebuilt/rag_langchain_adapter.go:70.55,72.4 1 0
github.com/smallnest/langgraphgo/prebuilt/rag_langchain_adapter.go:74.2,74.19 1 1
github.com/smallnest/langgraphgo/prebuilt/rag_langchain_adapter.go:83.90,87.2 1 0
github.com/smallnest/langgraphgo/prebuilt/rag_langchain_adapter.go:90.90,93.32 2 0
github.com/smallnest/langgraphgo/prebuilt/rag_langchain_adapter.go:93.32,96.17 2 0
github.com/smallnest/langgraphgo/prebuilt/rag_langchain_adapter.go:96.17,98.4 1 0
github.com/smallnest/langgraphgo/prebuilt/rag_langchain_adapter.go:101.3,101.32 1 0
github.com/smallnest/langgraphgo/prebuilt/rag_langchain_adapter.go:101.32,108.35 2 0
github.com/smallnest/langgraphgo/prebuilt/rag_langchain_adapter.go:108.35,110.5 1 0
github.com/smallnest/langgraphgo/prebuilt/rag_langchain_adapter.go:113.4,116.35 3 0
github.com/smallnest/langgraphgo/prebuilt/rag_langchain_adapter.go:120.2,120.20 1 0
github.com/smallnest/langgraphgo/prebuilt/rag_langchain_adapter.go:129.76,133.2 1 0
github.com/smallnest/langgraphgo/prebuilt/rag_langchain_adapter.go:136.102,139.16 2 0
github.com/smallnest/langgraphgo/prebuilt/rag_langchain_adapter.go:139.16,141.3 1 0
github.com/smallnest/langgraphgo/prebuilt/rag_langchain_adapter.go:144.2,145.37 2 0
github.com/smallnest/langgraphgo/prebuilt/rag_langchain_adapter.go:145.37,147.29 2 0
github.com/smallnest/langgraphgo/prebuilt/rag_langchain_adapter.go:147.29,149.4 1 0
github.com/smallnest/langgraphgo/prebuilt/rag_langchain_adapter.go:152.2,152.26 1 0
github.com/smallnest/langgraphgo/prebuilt/rag_langchain_adapter.go:156.93,159.16 2 0
github.com/smallnest/langgraphgo/prebuilt/rag_langchain_adapter.go:159.16,161.3 1 0
github.com/smallnest/langgraphgo/prebuilt/rag_langchain_adapter.go:164.2,165.34 2 0
github.com/smallnest/langgraphgo/prebuilt/rag_langchain_adapter.go:165.34,167.3 1 0
github.com/smallnest/langgraphgo/prebuilt/rag_langchain_adapter.go:169.2,169.25 1 0
github.com/smallnest/langgraphgo/prebuilt/rag_langchain_adapter.go:178.84,182.2 1 1
github.com/smallnest/langgraphgo/prebuilt/rag_langchain_adapter.go:185.118,202.2 3 1
github.com/smallnest/langgraphgo/prebuilt/rag_langchain_adapter.go:205.111,208.16 2 1
github.com/smallnest/langgraphgo/prebuilt/rag_langchain_adapter.go:208.16,210.3 1 0
github.com/smallnest/langgraphgo/prebuilt/rag_langchain_adapter.go:212.2,212.48 1 1
github.com/smallnest/langgraphgo/prebuilt/rag_langchain_adapter.go:216.129,233.16 2 1
github.com/smallnest/langgraphgo/prebuilt/rag_langchain_adapter.go:233.16,235.3 1 0
github.com/smallnest/langgraphgo/prebuilt/rag_langchain_adapter.go:237.2,238.39 2 1
github.com/smallnest/langgraphgo/prebuilt/rag_langchain_adapter.go:238.39,248.3 3 1
github.com/smallnest/langgraphgo/prebuilt/rag_langchain_adapter.go:250.2,250.20 1 1
github.com/smallnest/langgraphgo/prebuilt/react_agent.go:14.115,15.24 1 1
github.com/smallnest/langgraphgo/prebuilt/react_agent.go:15.24,17.3 1 0
github.com/smallnest/langgraphgo/prebuilt/react_agent.go:19.2,31.108 6 1
github.com/smallnest/langgraphgo/prebuilt/react_agent.go:31.108,33.10 2 1
github.com/smallnest/langgraphgo/prebuilt/react_agent.go:33.10,35.4 1 0
github.com/smallnest/langgraphgo/prebuilt/react_agent.go:37.3,38.10 2 1
github.com/smallnest/langgraphgo/prebuilt/react_agent.go:38.10,40.4 1 0
github.com/smallnest/langgraphgo/prebuilt/react_agent.go:43.3,44.55 2 1
github.com/smallnest/langgraphgo/prebuilt/react_agent.go:44.55,46.4 1 1
github.com/smallnest/langgraphgo/prebuilt/react_agent.go:47.3,47.38 1 1
github.com/smallnest/langgraphgo/prebuilt/react_agent.go:47.38,57.4 3 0
github.com/smallnest/langgraphgo/prebuilt/react_agent.go:60.3,64.32 3 1
github.com/smallnest/langgraphgo/prebuilt/react_agent.go:64.32,83.4 1 1
github.com/smallnest/langgraphgo/prebuilt/react_agent.go:86.3,91.17 3 1
github.com/smallnest/langgraphgo/prebuilt/react_agent.go:91.17,93.4 1 0
github.com/smallnest/langgraphgo/prebuilt/react_agent.go:95.3,102.27 3 1
github.com/smallnest/langgraphgo/prebuilt/react_agent.go:102.27,104.4 1 1
github.com/smallnest/langgraphgo/prebuilt/react_agent.go:107.3,107.32 1 1
github.com/smallnest/langgraphgo/prebuilt/react_agent.go:107.32,108.40 1 1
github.com/smallnest/langgraphgo/prebuilt/react_agent.go:108.40,111.5 1 1
github.com/smallnest/langgraphgo/prebuilt/react_agent.go:114.3,116.9 1 1
github.com/smallnest/langgraphgo/prebuilt/react_agent.go:120.2,120.101 1 1
github.com/smallnest/langgraphgo/prebuilt/react_agent.go:120.101,122.10 2 1
github.com/smallnest/langgraphgo/prebuilt/react_agent.go:122.10,124.4 1 0
github.com/smallnest/langgraphgo/prebuilt/react_agent.go:126.3,129.45 3 1
github.com/smallnest/langgraphgo/prebuilt/react_agent.go:129.45,131.4 1 0
github.com/smallnest/langgraphgo/prebuilt/react_agent.go:133.3,135.38 2 1
github.com/smallnest/langgraphgo/prebuilt/react_agent.go:135.38,136.42 1 1
github.com/smallnest/langgraphgo/prebuilt/react_agent.go:136.42,139.84 2 1
github.com/smallnest/langgraphgo/prebuilt/react_agent.go:139.85,141.6 0 1
github.com/smallnest/langgraphgo/prebuilt/react_agent.go:143.5,144.46 2 1
github.com/smallnest/langgraphgo/prebuilt/react_agent.go:144.46,146.6 1 1
github.com/smallnest/langgraphgo/prebuilt/react_agent.go:146.11,148.6 1 1
github.com/smallnest/langgraphgo/prebuilt/react_agent.go:151.5,155.19 2 1
github.com/smallnest/langgraphgo/prebuilt/react_agent.go:155.19,157.6 1 0
github.com/smallnest/langgraphgo/prebuilt/react_agent.go:160.5,170.49 2 1
github.com/smallnest/langgraphgo/prebuilt/react_agent.go:174.3,176.9 1 1
github.com/smallnest/langgraphgo/prebuilt/react_agent.go:180.2,182.83 2 1
github.com/smallnest/langgraphgo/prebuilt/react_agent.go:182.83,188.38 5 1
github.com/smallnest/langgraphgo/prebuilt/react_agent.go:188.38,189.41 1 1
github.com/smallnest/langgraphgo/prebuilt/react_agent.go:189.41,191.10 2 1
github.com/smallnest/langgraphgo/prebuilt/react_agent.go:195.3,195.19 1 1
github.com/smallnest/langgraphgo/prebuilt/react_agent.go:195.19,197.4 1 1
github.com/smallnest/langgraphgo/prebuilt/react_agent.go:198.3,198.19 1 1
github.com/smallnest/langgraphgo/prebuilt/react_agent.go:201.2,203.27 2 1
github.com/smallnest/langgraphgo/prebuilt/react_agent_typed.go:20.142,21.24 1 1
github.com/smallnest/langgraphgo/prebuilt/react_agent_typed.go:21.24,23.3 1 0
github.com/smallnest/langgraphgo/prebuilt/react_agent_typed.go:25.2,33.63 3 1
github.com/smallnest/langgraphgo/prebuilt/react_agent_typed.go:33.63,38.4 3 1
github.com/smallnest/langgraphgo/prebuilt/react_agent_typed.go:40.2,43.132 2 1
github.com/smallnest/langgraphgo/prebuilt/react_agent_typed.go:43.132,45.44 1 1
github.com/smallnest/langgraphgo/prebuilt/react_agent_typed.go:45.44,55.4 3 0
github.com/smallnest/langgraphgo/prebuilt/react_agent_typed.go:58.3,62.32 3 1
github.com/smallnest/langgraphgo/prebuilt/react_agent_typed.go:62.32,80.4 1 0
github.com/smallnest/langgraphgo/prebuilt/react_agent_typed.go:83.3,104.17 5 1
github.com/smallnest/langgraphgo/prebuilt/react_agent_typed.go:104.17,106.4 1 1
github.com/smallnest/langgraphgo/prebuilt/react_agent_typed.go:108.3,111.57 2 1
github.com/smallnest/langgraphgo/prebuilt/react_agent_typed.go:111.57,113.4 1 1
github.com/smallnest/langgraphgo/prebuilt/react_agent_typed.go:116.3,117.27 2 0
github.com/smallnest/langgraphgo/prebuilt/react_agent_typed.go:117.27,119.4 1 0
github.com/smallnest/langgraphgo/prebuilt/react_agent_typed.go:122.3,122.32 1 0
github.com/smallnest/langgraphgo/prebuilt/react_agent_typed.go:122.32,131.39 4 0
github.com/smallnest/langgraphgo/prebuilt/react_agent_typed.go:131.39,132.84 1 0
github.com/smallnest/langgraphgo/prebuilt/react_agent_typed.go:132.84,134.6 1 0
github.com/smallnest/langgraphgo/prebuilt/react_agent_typed.go:135.5,135.26 1 0
github.com/smallnest/langgraphgo/prebuilt/react_agent_typed.go:138.4,142.18 2 0
github.com/smallnest/langgraphgo/prebuilt/react_agent_typed.go:142.18,144.5 1 0
github.com/smallnest/langgraphgo/prebuilt/react_agent_typed.go:147.4,155.10 3 0
github.com/smallnest/langgraphgo/prebuilt/react_agent_typed.go:159.3,161.9 1 0
github.com/smallnest/langgraphgo/prebuilt/react_agent_typed.go:165.2,165.120 1 1
github.com/smallnest/langgraphgo/prebuilt/react_agent_typed.go:165.120,167.31 1 0
github.com/smallnest/langgraphgo/prebuilt/react_agent_typed.go:167.31,169.4 1 0
github.com/smallnest/langgraphgo/prebuilt/react_agent_typed.go:171.3,172.49 2 0
github.com/smallnest/langgraphgo/prebuilt/react_agent_typed.go:172.49,174.4 1 0
github.com/smallnest/langgraphgo/prebuilt/react_agent_typed.go:178.3,178.20 1 0
github.com/smallnest/langgraphgo/prebuilt/react_agent_typed.go:182.2,182.95 1 1
github.com/smallnest/langgraphgo/prebuilt/react_agent_typed.go:182.95,183.31 1 0
github.com/smallnest/langgraphgo/prebuilt/react_agent_typed.go:183.31,185.4 1 0
github.com/smallnest/langgraphgo/prebuilt/react_agent_typed.go:187.3,188.49 2 0
github.com/smallnest/langgraphgo/prebuilt/react_agent_typed.go:188.49,192.106 1 0
github.com/smallnest/langgraphgo/prebuilt/react_agent_typed.go:192.106,195.5 1 0
github.com/smallnest/langgraphgo/prebuilt/react_agent_typed.go:199.4,199.18 1 0
github.com/smallnest/langgraphgo/prebuilt/react_agent_typed.go:202.3,202.19 1 0
github.com/smallnest/langgraphgo/prebuilt/react_agent_typed.go:206.2,209.27 2 1
github.com/smallnest/langgraphgo/prebuilt/react_agent_typed.go:222.41,223.24 1 1
github.com/smallnest/langgraphgo/prebuilt/react_agent_typed.go:223.24,225.3 1 0
github.com/smallnest/langgraphgo/prebuilt/react_agent_typed.go:227.2,233.104 3 1
github.com/smallnest/langgraphgo/prebuilt/react_agent_typed.go:233.104,235.48 1 1
github.com/smallnest/langgraphgo/prebuilt/react_agent_typed.go:235.48,244.4 2 0
github.com/smallnest/langgraphgo/prebuilt/react_agent_typed.go:247.3,253.32 4 1
github.com/smallnest/langgraphgo/prebuilt/react_agent_typed.go:253.32,271.4 1 1
github.com/smallnest/langgraphgo/prebuilt/react_agent_typed.go:274.3,295.17 5 1
github.com/smallnest/langgraphgo/prebuilt/react_agent_typed.go:295.17,297.4 1 1
github.com/smallnest/langgraphgo/prebuilt/react_agent_typed.go:299.3,306.32 4 1
github.com/smallnest/langgraphgo/prebuilt/react_agent_typed.go:306.32,315.39 4 1
github.com/smallnest/langgraphgo/prebuilt/react_agent_typed.go:315.39,316.84 1 1
github.com/smallnest/langgraphgo/prebuilt/react_agent_typed.go:316.84,318.6 1 1
github.com/smallnest/langgraphgo/prebuilt/react_agent_typed.go:319.5,319.26 1 1
github.com/smallnest/langgraphgo/prebuilt/react_agent_typed.go:322.4,326.18 2 1
github.com/smallnest/langgraphgo/prebuilt/react_agent_typed.go:326.18,328.5 1 1
github.com/smallnest/langgraphgo/prebuilt/react_agent_typed.go:331.4,337.47 3 1
github.com/smallnest/langgraphgo/prebuilt/react_agent_typed.go:341.3,341.46 1 0
github.com/smallnest/langgraphgo/prebuilt/react_agent_typed.go:345.2,345.81 1 1
github.com/smallnest/langgraphgo/prebuilt/react_agent_typed.go:345.81,347.25 2 1
github.com/smallnest/langgraphgo/prebuilt/react_agent_typed.go:347.25,349.4 1 0
github.com/smallnest/langgraphgo/prebuilt/react_agent_typed.go:352.3,352.29 1 1
github.com/smallnest/langgraphgo/prebuilt/react_agent_typed.go:352.29,355.4 1 0
github.com/smallnest/langgraphgo/prebuilt/react_agent_typed.go:358.3,358.19 1 1
github.com/smallnest/langgraphgo/prebuilt/react_agent_typed.go:362.2,365.27 2 1
github.com/smallnest/langgraphgo/prebuilt/reflection_agent.go:43.88,44.25 1 1
github.com/smallnest/langgraphgo/prebuilt/reflection_agent.go:44.25,46.3 1 1
github.com/smallnest/langgraphgo/prebuilt/reflection_agent.go:48.2,48.31 1 1
github.com/smallnest/langgraphgo/prebuilt/reflection_agent.go:48.31,50.3 1 0
github.com/smallnest/langgraphgo/prebuilt/reflection_agent.go:53.2,54.28 2 1
github.com/smallnest/langgraphgo/prebuilt/reflection_agent.go:54.28,56.3 1 1
github.com/smallnest/langgraphgo/prebuilt/reflection_agent.go:59.2,59.32 1 1
github.com/smallnest/langgraphgo/prebuilt/reflection_agent.go:59.32,61.3 1 1
github.com/smallnest/langgraphgo/prebuilt/reflection_agent.go:63.2,63.35 1 1
github.com/smallnest/langgraphgo/prebuilt/reflection_agent.go:63.35,65.3 1 1
github.com/smallnest/langgraphgo/prebuilt/reflection_agent.go:68.2,79.132 8 1
github.com/smallnest/langgraphgo/prebuilt/reflection_agent.go:79.132,81.3 1 1
github.com/smallnest/langgraphgo/prebuilt/reflection_agent.go:84.2,84.142 1 1
github.com/smallnest/langgraphgo/prebuilt/reflection_agent.go:84.142,86.3 1 1
github.com/smallnest/langgraphgo/prebuilt/reflection_agent.go:89.2,92.86 2 1
github.com/smallnest/langgraphgo/prebuilt/reflection_agent.go:92.86,94.3 1 1
github.com/smallnest/langgraphgo/prebuilt/reflection_agent.go:97.2,97.85 1 1
github.com/smallnest/langgraphgo/prebuilt/reflection_agent.go:97.85,99.3 1 1
github.com/smallnest/langgraphgo/prebuilt/reflection_agent.go:101.2,101.27 1 1
github.com/smallnest/langgraphgo/prebuilt/reflection_agent.go:105.118,110.47 3 1
github.com/smallnest/langgraphgo/prebuilt/reflection_agent.go:110.47,112.3 1 1
github.com/smallnest/langgraphgo/prebuilt/reflection_agent.go:115.2,116.31 2 1
github.com/smallnest/langgraphgo/prebuilt/reflection_agent.go:116.31,118.3 1 0
github.com/smallnest/langgraphgo/prebuilt/reflection_agent.go:121.2,123.20 2 1
github.com/smallnest/langgraphgo/prebuilt/reflection_agent.go:123.20,125.14 1 1
github.com/smallnest/langgraphgo/prebuilt/reflection_agent.go:125.14,127.4 1 0
github.com/smallnest/langgraphgo/prebuilt/reflection_agent.go:129.3,135.55 2 1
github.com/smallnest/langgraphgo/prebuilt/reflection_agent.go:136.8,139.30 2 1
github.com/smallnest/langgraphgo/prebuilt/reflection_agent.go:139.30,141.4 1 0
github.com/smallnest/langgraphgo/prebuilt/reflection_agent.go:143.3,145.14 2 1
github.com/smallnest/langgraphgo/prebuilt/reflection_agent.go:145.14,147.4 1 0
github.com/smallnest/langgraphgo/prebuilt/reflection_agent.go:150.3,173.4 2 1
github.com/smallnest/langgraphgo/prebuilt/reflection_agent.go:177.2,178.16 2 1
github.com/smallnest/langgraphgo/prebuilt/reflection_agent.go:178.16,180.3 1 0
github.com/smallnest/langgraphgo/prebuilt/reflection_agent.go:182.2,184.13 2 1
github.com/smallnest/langgraphgo/prebuilt/reflection_agent.go:184.13,186.3 1 0
github.com/smallnest/langgraphgo/prebuilt/reflection_agent.go:189.2,198.8 2 1
github.com/smallnest/langgraphgo/prebuilt/reflection_agent.go:202.120,206.24 3 1
github.com/smallnest/langgraphgo/prebuilt/reflection_agent.go:206.24,208.3 1 0
github.com/smallnest/langgraphgo/prebuilt/reflection_agent.go:210.2,211.31 2 1
github.com/smallnest/langgraphgo/prebuilt/reflection_agent.go:211.31,213.3 1 0
github.com/smallnest/langgraphgo/prebuilt/reflection_agent.go:215.2,217.13 2 1
github.com/smallnest/langgraphgo/prebuilt/reflection_agent.go:217.13,219.3 1 0
github.com/smallnest/langgraphgo/prebuilt/reflection_agent.go:222.2,243.16 3 1
github.com/smallnest/langgraphgo/prebuilt/reflection_agent.go:243.16,245.3 1 0
github.com/smallnest/langgraphgo/prebuilt/reflection_agent.go:247.2,249.13 2 1
github.com/smallnest/langgraphgo/prebuilt/reflection_agent.go:249.13,251.3 1 0
github.com/smallnest/langgraphgo/prebuilt/reflection_agent.go:254.2,259.8 2 1
github.com/smallnest/langgraphgo/prebuilt/reflection_agent.go:263.85,269.20 3 1
github.com/smallnest/langgraphgo/prebuilt/reflection_agent.go:269.20,271.3 1 1
github.com/smallnest/langgraphgo/prebuilt/reflection_agent.go:274.2,274.32 1 1
github.com/smallnest/langgraphgo/prebuilt/reflection_agent.go:274.32,275.14 1 1
github.com/smallnest/langgraphgo/prebuilt/reflection_agent.go:275.14,277.4 1 0
github.com/smallnest/langgraphgo/prebuilt/reflection_agent.go:278.3,278.19 1 1
github.com/smallnest/langgraphgo/prebuilt/reflection_agent.go:282.2,283.20 2 1
github.com/smallnest/langgraphgo/prebuilt/reflection_agent.go:283.20,284.14 1 0
github.com/smallnest/langgraphgo/prebuilt/reflection_agent.go:284.14,286.4 1 0
github.com/smallnest/langgraphgo/prebuilt/reflection_agent.go:287.3,287.19 1 0
github.com/smallnest/langgraphgo/prebuilt/reflection_agent.go:291.2,291.18 1 1
github.com/smallnest/langgraphgo/prebuilt/reflection_agent.go:295.65,300.20 3 1
github.com/smallnest/langgraphgo/prebuilt/reflection_agent.go:300.20,301.14 1 1
github.com/smallnest/langgraphgo/prebuilt/reflection_agent.go:301.14,303.4 1 0
github.com/smallnest/langgraphgo/prebuilt/reflection_agent.go:304.3,304.19 1 1
github.com/smallnest/langgraphgo/prebuilt/reflection_agent.go:308.2,308.19 1 1
github.com/smallnest/langgraphgo/prebuilt/reflection_agent.go:312.53,348.47 6 1
github.com/smallnest/langgraphgo/prebuilt/reflection_agent.go:348.47,349.49 1 1
github.com/smallnest/langgraphgo/prebuilt/reflection_agent.go:349.49,351.4 1 1
github.com/smallnest/langgraphgo/prebuilt/reflection_agent.go:356.2,356.40 1 1
github.com/smallnest/langgraphgo/prebuilt/reflection_agent.go:356.40,357.49 1 1
github.com/smallnest/langgraphgo/prebuilt/reflection_agent.go:357.49,360.52 2 1
github.com/smallnest/langgraphgo/prebuilt/reflection_agent.go:360.52,361.95 1 1
github.com/smallnest/langgraphgo/prebuilt/reflection_agent.go:361.95,363.11 2 1
github.com/smallnest/langgraphgo/prebuilt/reflection_agent.go:366.4,366.29 1 1
github.com/smallnest/langgraphgo/prebuilt/reflection_agent.go:366.29,368.5 1 1
github.com/smallnest/langgraphgo/prebuilt/reflection_agent.go:373.2,373.46 1 1
github.com/smallnest/langgraphgo/prebuilt/reflection_agent.go:373.46,375.3 1 1
github.com/smallnest/langgraphgo/prebuilt/reflection_agent.go:378.2,378.36 1 1
github.com/smallnest/langgraphgo/prebuilt/reflection_agent.go:378.36,380.3 1 1
github.com/smallnest/langgraphgo/prebuilt/reflection_agent.go:383.2,383.14 1 1
github.com/smallnest/langgraphgo/prebuilt/reflection_agent.go:387.64,388.31 1 1
github.com/smallnest/langgraphgo/prebuilt/reflection_agent.go:388.31,389.44 1 1
github.com/smallnest/langgraphgo/prebuilt/reflection_agent.go:389.44,390.35 1 1
github.com/smallnest/langgraphgo/prebuilt/reflection_agent.go:390.35,391.52 1 1
github.com/smallnest/langgraphgo/prebuilt/reflection_agent.go:391.52,393.6 1 1
github.com/smallnest/langgraphgo/prebuilt/reflection_agent.go:397.2,397.11 1 0
github.com/smallnest/langgraphgo/prebuilt/reflection_agent.go:401.44,427.2 1 1
github.com/smallnest/langgraphgo/prebuilt/supervisor.go:14.112,25.28 6 1
github.com/smallnest/langgraphgo/prebuilt/supervisor.go:25.28,27.3 1 1
github.com/smallnest/langgraphgo/prebuilt/supervisor.go:30.2,30.116 1 1
github.com/smallnest/langgraphgo/prebuilt/supervisor.go:30.116,32.10 2 1
github.com/smallnest/langgraphgo/prebuilt/supervisor.go:32.10,34.4 1 1
github.com/smallnest/langgraphgo/prebuilt/supervisor.go:36.3,37.10 2 1
github.com/smallnest/langgraphgo/prebuilt/supervisor.go:37.10,39.4 1 1
github.com/smallnest/langgraphgo/prebuilt/supervisor.go:42.3,78.17 7 1
github.com/smallnest/langgraphgo/prebuilt/supervisor.go:78.17,80.4 1 1
github.com/smallnest/langgraphgo/prebuilt/supervisor.go:82.3,83.33 2 1
github.com/smallnest/langgraphgo/prebuilt/supervisor.go:83.33,87.4 1 1
github.com/smallnest/langgraphgo/prebuilt/supervisor.go:90.3,94.82 3 1
github.com/smallnest/langgraphgo/prebuilt/supervisor.go:94.82,96.4 1 1
github.com/smallnest/langgraphgo/prebuilt/supervisor.go:102.3,104.9 1 1
github.com/smallnest/langgraphgo/prebuilt/supervisor.go:108.2,108.35 1 1
github.com/smallnest/langgraphgo/prebuilt/supervisor.go:108.35,115.102 3 1
github.com/smallnest/langgraphgo/prebuilt/supervisor.go:115.102,119.18 2 1
github.com/smallnest/langgraphgo/prebuilt/supervisor.go:119.18,121.5 1 1
github.com/smallnest/langgraphgo/prebuilt/supervisor.go:125.4,125.19 1 1
github.com/smallnest/langgraphgo/prebuilt/supervisor.go:130.2,133.88 2 1
github.com/smallnest/langgraphgo/prebuilt/supervisor.go:133.88,136.10 3 1
github.com/smallnest/langgraphgo/prebuilt/supervisor.go:136.10,138.4 1 0
github.com/smallnest/langgraphgo/prebuilt/supervisor.go:139.3,139.23 1 1
github.com/smallnest/langgraphgo/prebuilt/supervisor.go:139.23,141.4 1 1
github.com/smallnest/langgraphgo/prebuilt/supervisor.go:142.3,142.14 1 1
github.com/smallnest/langgraphgo/prebuilt/supervisor.go:146.2,146.35 1 1
github.com/smallnest/langgraphgo/prebuilt/supervisor.go:146.35,148.3 1 1
github.com/smallnest/langgraphgo/prebuilt/supervisor.go:150.2,150.27 1 1
github.com/smallnest/langgraphgo/prebuilt/supervisor_typed.go:20.161,26.63 2 1
github.com/smallnest/langgraphgo/prebuilt/supervisor_typed.go:26.63,30.22 2 1
github.com/smallnest/langgraphgo/prebuilt/supervisor_typed.go:30.22,32.5 1 1
github.com/smallnest/langgraphgo/prebuilt/supervisor_typed.go:33.4,33.23 1 1
github.com/smallnest/langgraphgo/prebuilt/supervisor_typed.go:36.2,40.28 3 1
github.com/smallnest/langgraphgo/prebuilt/supervisor_typed.go:40.28,42.3 1 1
github.com/smallnest/langgraphgo/prebuilt/supervisor_typed.go:45.2,45.140 1 1
github.com/smallnest/langgraphgo/prebuilt/supervisor_typed.go:45.140,83.17 7 1
github.com/smallnest/langgraphgo/prebuilt/supervisor_typed.go:83.17,85.4 1 1
github.com/smallnest/langgraphgo/prebuilt/supervisor_typed.go:87.3,88.33 2 1
github.com/smallnest/langgraphgo/prebuilt/supervisor_typed.go:88.33,92.4 1 1
github.com/smallnest/langgraphgo/prebuilt/supervisor_typed.go:95.3,99.82 3 1
github.com/smallnest/langgraphgo/prebuilt/supervisor_typed.go:99.82,101.4 1 1
github.com/smallnest/langgraphgo/prebuilt/supervisor_typed.go:104.3,107.9 1 1
github.com/smallnest/langgraphgo/prebuilt/supervisor_typed.go:111.2,111.38 1 1
github.com/smallnest/langgraphgo/prebuilt/supervisor_typed.go:111.38,113.132 1 1
github.com/smallnest/langgraphgo/prebuilt/supervisor_typed.go:113.132,116.18 2 1
github.com/smallnest/langgraphgo/prebuilt/supervisor_typed.go:116.18,118.5 1 1
github.com/smallnest/langgraphgo/prebuilt/supervisor_typed.go:119.4,119.22 1 1
github.com/smallnest/langgraphgo/prebuilt/supervisor_typed.go:124.2,124.100 1 1
github.com/smallnest/langgraphgo/prebuilt/supervisor_typed.go:124.100,125.29 1 1
github.com/smallnest/langgraphgo/prebuilt/supervisor_typed.go:125.29,127.4 1 1
github.com/smallnest/langgraphgo/prebuilt/supervisor_typed.go:128.3,128.20 1 1
github.com/smallnest/langgraphgo/prebuilt/supervisor_typed.go:132.2,132.28 1 1
github.com/smallnest/langgraphgo/prebuilt/supervisor_typed.go:132.28,134.3 1 1
github.com/smallnest/langgraphgo/prebuilt/supervisor_typed.go:137.2,140.27 2 1
github.com/smallnest/langgraphgo/prebuilt/supervisor_typed.go:151.41,156.28 3 1
github.com/smallnest/langgraphgo/prebuilt/supervisor_typed.go:156.28,158.3 1 1
github.com/smallnest/langgraphgo/prebuilt/supervisor_typed.go:161.2,161.112 1 1
github.com/smallnest/langgraphgo/prebuilt/supervisor_typed.go:161.112,201.17 8 1
github.com/smallnest/langgraphgo/prebuilt/supervisor_typed.go:201.17,203.4 1 1
github.com/smallnest/langgraphgo/prebuilt/supervisor_typed.go:205.3,206.33 2 1
github.com/smallnest/langgraphgo/prebuilt/supervisor_typed.go:206.33,208.4 1 0
github.com/smallnest/langgraphgo/prebuilt/supervisor_typed.go:211.3,215.82 3 1
github.com/smallnest/langgraphgo/prebuilt/supervisor_typed.go:215.82,217.4 1 0
github.com/smallnest/langgraphgo/prebuilt/supervisor_typed.go:220.3,220.40 1 1
github.com/smallnest/langgraphgo/prebuilt/supervisor_typed.go:224.2,224.38 1 1
github.com/smallnest/langgraphgo/prebuilt/supervisor_typed.go:224.38,226.104 1 1
github.com/smallnest/langgraphgo/prebuilt/supervisor_typed.go:226.104,229.18 2 1
github.com/smallnest/langgraphgo/prebuilt/supervisor_typed.go:229.18,231.5 1 0
github.com/smallnest/langgraphgo/prebuilt/supervisor_typed.go:232.4,232.22 1 1
github.com/smallnest/langgraphgo/prebuilt/supervisor_typed.go:237.2,237.86 1 1
github.com/smallnest/langgraphgo/prebuilt/supervisor_typed.go:237.86,239.23 2 1
github.com/smallnest/langgraphgo/prebuilt/supervisor_typed.go:239.23,241.4 1 1
github.com/smallnest/langgraphgo/prebuilt/supervisor_typed.go:242.3,242.14 1 1
github.com/smallnest/langgraphgo/prebuilt/supervisor_typed.go:246.2,246.28 1 1
github.com/smallnest/langgraphgo/prebuilt/supervisor_typed.go:246.28,248.3 1 1
github.com/smallnest/langgraphgo/prebuilt/supervisor_typed.go:251.2,254.27 2 1
github.com/smallnest/langgraphgo/prebuilt/tool_executor.go:22.61,24.31 2 1
github.com/smallnest/langgraphgo/prebuilt/tool_executor.go:24.31,26.3 1 1
github.com/smallnest/langgraphgo/prebuilt/tool_executor.go:27.2,29.3 1 1
github.com/smallnest/langgraphgo/prebuilt/tool_executor.go:33.97,35.9 2 1
github.com/smallnest/langgraphgo/prebuilt/tool_executor.go:35.9,37.3 1 0
github.com/smallnest/langgraphgo/prebuilt/tool_executor.go:39.2,39.45 1 1
github.com/smallnest/langgraphgo/prebuilt/tool_executor.go:44.106,46.34 2 0
github.com/smallnest/langgraphgo/prebuilt/tool_executor.go:46.34,48.17 2 0
github.com/smallnest/langgraphgo/prebuilt/tool_executor.go:48.17,50.4 1 0
github.com/smallnest/langgraphgo/prebuilt/tool_executor.go:51.3,51.19 1 0
github.com/smallnest/langgraphgo/prebuilt/tool_executor.go:53.2,53.21 1 0
github.com/smallnest/langgraphgo/prebuilt/tool_executor.go:59.79,61.43 1 1
github.com/smallnest/langgraphgo/prebuilt/tool_executor.go:61.43,63.3 1 1
github.com/smallnest/langgraphgo/prebuilt/tool_executor.go:66.2,66.46 1 1
github.com/smallnest/langgraphgo/prebuilt/tool_executor.go:66.46,68.3 1 0
github.com/smallnest/langgraphgo/prebuilt/tool_executor.go:71.2,71.41 1 1
github.com/smallnest/langgraphgo/prebuilt/tool_executor.go:71.41,73.38 1 1
github.com/smallnest/langgraphgo/prebuilt/tool_executor.go:73.38,75.45 2 1
github.com/smallnest/langgraphgo/prebuilt/tool_executor.go:75.45,77.5 1 1
github.com/smallnest/langgraphgo/prebuilt/tool_executor.go:78.4,78.69 1 1
github.com/smallnest/langgraphgo/prebuilt/tool_executor.go:82.2,82.65 1 0
github.com/smallnest/langgraphgo/prebuilt/tool_node.go:19.53,23.2 1 1
github.com/smallnest/langgraphgo/prebuilt/tool_node.go:26.73,28.9 2 1
github.com/smallnest/langgraphgo/prebuilt/tool_node.go:28.9,30.3 1 0
github.com/smallnest/langgraphgo/prebuilt/tool_node.go:32.2,33.9 2 1
github.com/smallnest/langgraphgo/prebuilt/tool_node.go:33.9,35.3 1 0
github.com/smallnest/langgraphgo/prebuilt/tool_node.go:37.2,37.24 1 1
github.com/smallnest/langgraphgo/prebuilt/tool_node.go:37.24,39.3 1 0
github.com/smallnest/langgraphgo/prebuilt/tool_node.go:41.2,43.44 2 1
github.com/smallnest/langgraphgo/prebuilt/tool_node.go:43.44,50.3 1 0
github.com/smallnest/langgraphgo/prebuilt/tool_node.go:52.2,54.37 2 1
github.com/smallnest/langgraphgo/prebuilt/tool_node.go:54.37,55.41 1 1
github.com/smallnest/langgraphgo/prebuilt/tool_node.go:55.41,59.83 2 1
github.com/smallnest/langgraphgo/prebuilt/tool_node.go:59.84,64.5 0 0
github.com/smallnest/langgraphgo/prebuilt/tool_node.go:66.4,67.45 2 1
github.com/smallnest/langgraphgo/prebuilt/tool_node.go:67.45,69.5 1 1
github.com/smallnest/langgraphgo/prebuilt/tool_node.go:69.10,73.5 1 0
github.com/smallnest/langgraphgo/prebuilt/tool_node.go:76.4,80.18 2 1
github.com/smallnest/langgraphgo/prebuilt/tool_node.go:80.18,82.5 1 0
github.com/smallnest/langgraphgo/prebuilt/tool_node.go:85.4,95.48 2 1
github.com/smallnest/langgraphgo/prebuilt/tool_node.go:99.2,99.28 1 1
github.com/smallnest/langgraphgo/prebuilt/tool_node.go:99.28,102.3 1 0
github.com/smallnest/langgraphgo/prebuilt/tool_node.go:104.2,106.8 1 1
github.com/smallnest/langgraphgo/prebuilt/tree_of_thoughts.go:84.91,85.29 1 1
github.com/smallnest/langgraphgo/prebuilt/tree_of_thoughts.go:85.29,87.3 1 1
github.com/smallnest/langgraphgo/prebuilt/tree_of_thoughts.go:89.2,89.29 1 1
github.com/smallnest/langgraphgo/prebuilt/tree_of_thoughts.go:89.29,91.3 1 1
github.com/smallnest/langgraphgo/prebuilt/tree_of_thoughts.go:93.2,93.32 1 1
github.com/smallnest/langgraphgo/prebuilt/tree_of_thoughts.go:93.32,95.3 1 1
github.com/smallnest/langgraphgo/prebuilt/tree_of_thoughts.go:97.2,97.26 1 1
github.com/smallnest/langgraphgo/prebuilt/tree_of_thoughts.go:97.26,99.3 1 1
github.com/smallnest/langgraphgo/prebuilt/tree_of_thoughts.go:101.2,101.26 1 1
github.com/smallnest/langgraphgo/prebuilt/tree_of_thoughts.go:101.26,103.3 1 1
github.com/smallnest/langgraphgo/prebuilt/tree_of_thoughts.go:106.2,117.124 8 1
github.com/smallnest/langgraphgo/prebuilt/tree_of_thoughts.go:117.124,119.3 1 1
github.com/smallnest/langgraphgo/prebuilt/tree_of_thoughts.go:122.2,122.129 1 1
github.com/smallnest/langgraphgo/prebuilt/tree_of_thoughts.go:122.129,124.3 1 1
github.com/smallnest/langgraphgo/prebuilt/tree_of_thoughts.go:127.2,127.109 1 1
github.com/smallnest/langgraphgo/prebuilt/tree_of_thoughts.go:127.109,129.3 1 1
github.com/smallnest/langgraphgo/prebuilt/tree_of_thoughts.go:132.2,136.84 3 1
github.com/smallnest/langgraphgo/prebuilt/tree_of_thoughts.go:136.84,138.3 1 1
github.com/smallnest/langgraphgo/prebuilt/tree_of_thoughts.go:139.2,139.86 1 1
github.com/smallnest/langgraphgo/prebuilt/tree_of_thoughts.go:139.86,141.3 1 1
github.com/smallnest/langgraphgo/prebuilt/tree_of_thoughts.go:143.2,143.27 1 1
github.com/smallnest/langgraphgo/prebuilt/tree_of_thoughts.go:147.95,148.20 1 1
github.com/smallnest/langgraphgo/prebuilt/tree_of_thoughts.go:148.20,151.3 2 0
github.com/smallnest/langgraphgo/prebuilt/tree_of_thoughts.go:154.2,167.8 4 1
github.com/smallnest/langgraphgo/prebuilt/tree_of_thoughts.go:171.91,175.34 3 1
github.com/smallnest/langgraphgo/prebuilt/tree_of_thoughts.go:175.34,177.3 1 0
github.com/smallnest/langgraphgo/prebuilt/tree_of_thoughts.go:179.2,182.20 3 1
github.com/smallnest/langgraphgo/prebuilt/tree_of_thoughts.go:182.20,184.3 1 0
github.com/smallnest/langgraphgo/prebuilt/tree_of_thoughts.go:186.2,189.41 2 1
github.com/smallnest/langgraphgo/prebuilt/tree_of_thoughts.go:189.41,193.28 2 1
github.com/smallnest/langgraphgo/prebuilt/tree_of_thoughts.go:193.28,194.22 1 1
github.com/smallnest/langgraphgo/prebuilt/tree_of_thoughts.go:194.22,196.5 1 0
github.com/smallnest/langgraphgo/prebuilt/tree_of_thoughts.go:197.4,199.10 1 1
github.com/smallnest/langgraphgo/prebuilt/tree_of_thoughts.go:203.3,203.42 1 1
github.com/smallnest/langgraphgo/prebuilt/tree_of_thoughts.go:203.42,204.22 1 0
github.com/smallnest/langgraphgo/prebuilt/tree_of_thoughts.go:204.22,206.5 1 0
github.com/smallnest/langgraphgo/prebuilt/tree_of_thoughts.go:207.4,207.12 1 0
github.com/smallnest/langgraphgo/prebuilt/tree_of_thoughts.go:211.3,212.17 2 1
github.com/smallnest/langgraphgo/prebuilt/tree_of_thoughts.go:212.17,213.22 1 0
github.com/smallnest/langgraphgo/prebuilt/tree_of_thoughts.go:213.22,215.5 1 0
github.com/smallnest/langgraphgo/prebuilt/tree_of_thoughts.go:216.4,216.12 1 0
github.com/smallnest/langgraphgo/prebuilt/tree_of_thoughts.go:219.3,219.21 1 1
github.com/smallnest/langgraphgo/prebuilt/tree_of_thoughts.go:219.21,221.4 1 0
github.com/smallnest/langgraphgo/prebuilt/tree_of_thoughts.go:224.3,224.40 1 1
github.com/smallnest/langgraphgo/prebuilt/tree_of_thoughts.go:224.40,226.28 1 1
github.com/smallnest/langgraphgo/prebuilt/tree_of_thoughts.go:226.28,227.13 1 1
github.com/smallnest/langgraphgo/prebuilt/tree_of_thoughts.go:231.4,232.27 2 1
github.com/smallnest/langgraphgo/prebuilt/tree_of_thoughts.go:232.27,233.13 1 0
github.com/smallnest/langgraphgo/prebuilt/tree_of_thoughts.go:237.4,247.30 6 1
github.com/smallnest/langgraphgo/prebuilt/tree_of_thoughts.go:251.2,251.20 1 1
github.com/smallnest/langgraphgo/prebuilt/tree_of_thoughts.go:251.20,253.3 1 0
github.com/smallnest/langgraphgo/prebuilt/tree_of_thoughts.go:255.2,259.8 1 1
github.com/smallnest/langgraphgo/prebuilt/tree_of_thoughts.go:263.93,267.34 3 1
github.com/smallnest/langgraphgo/prebuilt/tree_of_thoughts.go:267.34,271.3 1 0
github.com/smallnest/langgraphgo/prebuilt/tree_of_thoughts.go:273.2,273.20 1 1
github.com/smallnest/langgraphgo/prebuilt/tree_of_thoughts.go:273.20,275.3 1 0
github.com/smallnest/langgraphgo/prebuilt/tree_of_thoughts.go:278.2,278.29 1 1
github.com/smallnest/langgraphgo/prebuilt/tree_of_thoughts.go:278.29,281.17 3 1
github.com/smallnest/langgraphgo/prebuilt/tree_of_thoughts.go:281.17,282.22 1 0
github.com/smallnest/langgraphgo/prebuilt/tree_of_thoughts.go:282.22,284.5 1 0
github.com/smallnest/langgraphgo/prebuilt/tree_of_thoughts.go:285.4,285.14 1 0
github.com/smallnest/langgraphgo/prebuilt/tree_of_thoughts.go:287.3,287.31 1 1
github.com/smallnest/langgraphgo/prebuilt/tree_of_thoughts.go:291.2,292.35 2 1
github.com/smallnest/langgraphgo/prebuilt/tree_of_thoughts.go:292.35,293.22 1 1
github.com/smallnest/langgraphgo/prebuilt/tree_of_thoughts.go:293.22,295.4 1 1
github.com/smallnest/langgraphgo/prebuilt/tree_of_thoughts.go:298.2,298.20 1 1
github.com/smallnest/langgraphgo/prebuilt/tree_of_thoughts.go:298.20,300.3 1 0
github.com/smallnest/langgraphgo/prebuilt/tree_of_thoughts.go:303.2,303.40 1 1
github.com/smallnest/langgraphgo/prebuilt/tree_of_thoughts.go:303.40,305.43 1 0
github.com/smallnest/langgraphgo/prebuilt/tree_of_thoughts.go:305.43,306.46 1 0
github.com/smallnest/langgraphgo/prebuilt/tree_of_thoughts.go:306.46,307.52 1 0
github.com/smallnest/langgraphgo/prebuilt/tree_of_thoughts.go:307.52,309.6 1 0
github.com/smallnest/langgraphgo/prebuilt/tree_of_thoughts.go:312.3,314.21 2 0
github.com/smallnest/langgraphgo/prebuilt/tree_of_thoughts.go:314.21,316.4 1 0
github.com/smallnest/langgraphgo/prebuilt/tree_of_thoughts.go:319.2,319.20 1 1
github.com/smallnest/langgraphgo/prebuilt/tree_of_thoughts.go:319.20,321.3 1 0
github.com/smallnest/langgraphgo/prebuilt/tree_of_thoughts.go:323.2,325.8 1 1
github.com/smallnest/langgraphgo/prebuilt/tree_of_thoughts.go:330.70,334.83 2 1
github.com/smallnest/langgraphgo/prebuilt/tree_of_thoughts.go:334.83,335.21 1 1
github.com/smallnest/langgraphgo/prebuilt/tree_of_thoughts.go:335.21,337.4 1 0
github.com/smallnest/langgraphgo/prebuilt/tree_of_thoughts.go:338.3,338.19 1 1
github.com/smallnest/langgraphgo/prebuilt/tree_of_thoughts.go:342.2,343.34 2 1
github.com/smallnest/langgraphgo/prebuilt/tree_of_thoughts.go:343.34,344.21 1 1
github.com/smallnest/langgraphgo/prebuilt/tree_of_thoughts.go:344.21,346.4 1 0
github.com/smallnest/langgraphgo/prebuilt/tree_of_thoughts.go:347.3,347.19 1 1
github.com/smallnest/langgraphgo/prebuilt/tree_of_thoughts.go:351.2,352.34 2 1
github.com/smallnest/langgraphgo/prebuilt/tree_of_thoughts.go:352.34,353.21 1 0
github.com/smallnest/langgraphgo/prebuilt/tree_of_thoughts.go:353.21,355.4 1 0
github.com/smallnest/langgraphgo/prebuilt/tree_of_thoughts.go:356.3,356.19 1 0
github.com/smallnest/langgraphgo/prebuilt/tree_of_thoughts.go:360.2,360.19 1 1
github.com/smallnest/langgraphgo/prebuilt/tree_of_thoughts.go:363.72,368.34 3 1
github.com/smallnest/langgraphgo/prebuilt/tree_of_thoughts.go:368.34,369.21 1 0
github.com/smallnest/langgraphgo/prebuilt/tree_of_thoughts.go:369.21,371.4 1 0
github.com/smallnest/langgraphgo/prebuilt/tree_of_thoughts.go:372.3,372.19 1 0
github.com/smallnest/langgraphgo/prebuilt/tree_of_thoughts.go:376.2,376.17 1 1
github.com/smallnest/langgraphgo/prebuilt/tree_of_thoughts.go:380.34,381.21 1 0
github.com/smallnest/langgraphgo/prebuilt/tree_of_thoughts.go:381.21,384.3 2 0
github.com/smallnest/langgraphgo/prebuilt/tree_of_thoughts.go:386.2,387.34 2 0
github.com/smallnest/langgraphgo/prebuilt/tree_of_thoughts.go:387.34,390.3 2 0
github.com/smallnest/langgraphgo/prebuilt/tree_of_thoughts.go:392.2,395.36 3 0
github.com/smallnest/langgraphgo/prebuilt/tree_of_thoughts.go:395.36,396.13 1 0
github.com/smallnest/langgraphgo/prebuilt/tree_of_thoughts.go:396.13,398.4 1 0
github.com/smallnest/langgraphgo/prebuilt/tree_of_thoughts.go:398.9,400.4 1 0
github.com/smallnest/langgraphgo/prebuilt/tree_of_thoughts.go:402.2,402.36 1 0
